[2014-03-12 21:24:23]主程序启动!
[2014-03-12 21:24:23]打开服务中...
[2014-03-12 21:24:23]服务已打开.
[2014-03-12 21:24:23]college = 0
[2014-03-12 21:24:34]已插入 关于开展新年新梦“微心愿”主题征集活动的通知
[2014-03-12 21:24:35]已插入 中国会计学会财务成本分会2014学术年会暨第27届理论研讨会征文启事
[2014-03-12 21:24:36]已插入 关于做好教育系统“浙江好人”推荐工作的通知
[2014-03-12 21:24:37]已插入 杭电2014届毕业生就业专场招聘会安排公告
[2014-03-12 21:24:39]已插入 学校召开科技工作会议部署2014年工作要点
[2014-03-12 21:24:40]已插入 【深“话”改革】费君清：全面深化改革势在必行
[2014-03-12 21:24:41]已插入 【深“话”改革】薛安克：全面深化改革，推动学校科学发展、跨越发展
[2014-03-12 21:24:42]已插入 省学联八届三次全委会暨2014年全省共青团学校战线工作会议在我校举行
[2014-03-12 21:24:44]已插入 广西财经学院夏飞教授学术报告通知
[2014-03-12 21:24:45]已插入 中国人民大学郭国庆教授学术讲座通知
[2014-03-12 21:24:46]已插入 中国科学院院士吴培亨讲座报告
[2014-03-12 21:24:47]已插入 2014年春季国际交流合作处新视野讲座时间表
[2014-03-12 21:24:49]已插入 成就Better Me——校第九届志愿者文化节启幕
[2014-03-12 21:24:50]已插入 我校荣获“浙江省节约型公共机构示范单位”称号
[2014-03-12 21:24:51]已插入 后勤服务总公司荣获2013年度省高校后勤系统信息与宣传工作先进单位
[2014-03-12 21:24:53]已插入 我校多种形式庆祝“三八”国际妇女节
[2014-03-12 21:24:54]college = 1
[2014-03-12 21:24:55]已插入 10级机械系毕业设计系统选题通知
[2014-03-12 21:24:56]已插入 机械工程学院本科毕业手册使用说明暨注意事项通知
[2014-03-12 21:24:57]已插入 关于转发人事处两个重要通知
[2014-03-12 21:24:58]已插入 关于组织HyperWorks基础培训通知
[2014-03-12 21:25:00]已插入 喜讯：我院10010111团支部喜获2013年度省级先进团支部荣誉称号
[2014-03-12 21:25:01]已插入 我院学生骨干培训会顺利召开
[2014-03-12 21:25:02]已插入 喜讯：我院青年志愿者西湖环卫项目“2013年度浙江省优秀志愿服务项目”
[2014-03-12 21:25:04]已插入 机械工程学院举行305机械雷锋行活动
[2014-03-12 21:25:06]已插入 毕业设计第二轮选题
[2014-03-12 21:25:07]已插入 毕业设计老师—学生确定表
[2014-03-12 21:25:08]已插入 信工10级毕业设计开题通知
[2014-03-12 21:25:09]已插入 关于本学期期末考试工作的通知
[2014-03-12 21:25:11]已插入 浙江省教育厅办公室关于做好高等学校科学研究项目结题工作的通知
[2014-03-12 21:25:13]已插入 转发关于2013年度中国机械工业科学技术奖推荐的通知
[2014-03-12 21:25:14]已插入 关于2013年论文成果登记采用无纸质化审核方式的通知
[2014-03-12 21:25:15]已插入 2013年成果登记的通知
[2014-03-12 21:25:16]college = 2
[2014-03-12 21:25:36]主程序启动!
[2014-03-12 21:25:36]打开服务中...
[2014-03-12 21:25:36]服务已打开.
[2014-03-12 21:25:36]college = 0
