[2013-12-05 09:03:52]college = 11
[2013-12-05 09:11:08]college = 11
[2013-12-05 09:11:09]已插入 北京大学光华管理学院武亚军副教授学术讲座通知
[2013-12-05 09:11:10]已插入 管理学院召开党的群众路线教育实践活动专题民主生活会
[2013-12-05 09:11:11]已插入 日本东京农工大学野见山敏雄教授应邀来我院访问讲学
[2013-12-05 09:11:12]已插入 台湾静宜大学管理学院院长詹秋贵一行来校访问
[2013-12-05 09:11:14]已插入 关于做好第六届浙江省功勋教师推荐工作的通知
[2013-12-05 09:11:16]已插入 关于管理学院征集院训等内容的通知
[2013-12-05 09:11:20]已插入 
[2013-12-05 09:11:22]已插入 管理学院2013届毕业生毕业论文答辩工作安排
[2013-12-05 09:11:25]已插入 转发 浙江省科技厅关于组织赴意大利参加第八届国际工业创新展的通知
[2013-12-05 09:11:26]已插入 国家自然科学基金委员会管理科学部主任基金2013年第2期应急研究项目申请说明
[2013-12-05 09:11:27]已插入 2014年度国家自然科学基金委员会与法国国家科学研究中心3年期合作交流项目指南
[2013-12-05 09:11:28]已插入 转发科技处《关于组织申报杭州市2013年度社科常规性规划课题的通知》
[2013-12-05 09:11:32]已插入 关于开展2012-2013学年第一学期期中教学检查的通知
[2013-12-05 09:11:34]已插入 第八届长三角高校管理科学与工程学科发展协作网会议在我校成功举行
[2013-12-05 09:11:36]插入失败
[2013-12-05 09:11:37]已插入 我校人文基地研究成果获国家科学技术学术著作出版基金资助
[2013-12-05 09:11:39]已插入 悉尼科技大学、台湾国立清华大学葉维彰教授来我院进行学术交流
[2013-12-05 09:11:40]已插入 中国社会科学院《经济研究》唐寿宁编审讲座的通知
[2013-12-05 09:11:41]已插入 人文社科基地举行“英文科技论文的撰写与投稿”专题讲座
[2013-12-05 09:11:42]已插入 东京农工大学野见山敏雄教授学术讲座通知
[2013-12-05 09:11:43]college = 12
[2013-12-05 09:11:44]已插入   会计学院在校运会上再创佳绩 
[2013-12-05 09:11:45]已插入   学院党委召开学生党支部书记委员培训大会 
[2013-12-05 09:11:46]已插入   浙江省第十届大学生财会信息化竞赛在我校举行 
[2013-12-05 09:11:47]已插入   会计学院举行教学观摩研讨活动 
[2013-12-05 09:11:48]已插入   本周三（11月27日)下午活动安排 
[2013-12-05 09:11:49]已插入   转发《浙江省人事考试办关于做好2014年度全国专业技术人员职称外语等级统一考试报名工作》的通知 
[2013-12-05 09:11:50]已插入   本周三下午活动安排 
[2013-12-05 09:11:51]已插入   浙江省审计厅厅长陈荣高学术报告会通知 
[2013-12-05 09:11:53]已插入   《全国高等院校部委级规划教材——经济管理类系列教材》 
[2013-12-05 09:11:54]已插入   2014届本科生毕业论文第一批开题答辩安排 
[2013-12-05 09:11:55]已插入   转发关于认真落实2013-2014-1学期期末考试第二阶段工作的通知 
[2013-12-05 09:11:56]已插入   关于开展2012年度教学模式改革试点课程检查验收工作的通知 
[2013-12-05 09:11:57]已插入   关于开展2012年度杭州电子科技大学社科研究基金项目结项工作的通知 
[2013-12-05 09:11:58]已插入   关于进一步加强研究所规范化管理的通知 
[2013-12-05 09:11:59]已插入   韩厚军《会计准则对经济活动的影响》讲座通知 
[2013-12-05 09:12:00]已插入   《浙江省教育厅办公室关于开展2013年度浙江省高校重大人文社科项目攻关计划项目申报工作的通知》 
[2013-12-05 09:12:02]已插入   2012年部分毕业生就业单位 
[2013-12-05 09:12:03]已插入   2010年--2012年学院学生部分竞赛获奖情况 
[2013-12-05 09:12:04]已插入   2012年部分学生考研录取情况 
[2013-12-05 09:12:05]已插入   2013年部分学生考研录取情况 
[2013-12-05 09:12:06]已插入   会计学院星空读书会“书影音评大赛”顺利落下帷幕 
[2013-12-05 09:12:08]已插入   会计学院学生党员管理委员会第一次全体大会成功召开 
[2013-12-05 09:12:09]已插入   融资规划师&#8226;杭州下沙大学城第一期校园训练班顺利举办 
[2013-12-05 09:12:10]已插入   会计学院11140617班级荣获校级“2012—2013学年优秀班集体”称号 
[2013-12-05 09:12:11]college = 13
[2013-12-05 09:12:11]已插入 上海外国语大学俞东明教授莅临我校讲学
[2013-12-05 09:12:12]已插入 广东外语外贸大学穆雷教授受聘我校兼职教授并作学术报告
[2013-12-05 09:12:13]已插入 外国语学院校级“译者风云”决赛顺利举办
[2013-12-05 09:12:15]已插入 配经典影视，展独特风采——杭电影视配音大赛决赛成功举办
[2013-12-05 09:12:16]已插入 广东外语外贸大学穆雷教授学术讲座
[2013-12-05 09:12:17]已插入 外国语学院关于2013-2014-1学期期末考试工作的的通知
[2013-12-05 09:12:18]已插入 2013“蓝领成才”职工素质教育工程英语技能培训班结业典礼暨英语演讲比赛通知
[2013-12-05 09:12:19]已插入 浙江省教育厅办公室关于开展2013年度浙江省高校重大人文社科项目攻关计划项目申报工作的通知
[2013-12-05 09:12:20]college = 14
[2013-12-05 09:12:21]已插入 关于2013年度杭州电子科技大学科学研究基金项目结题验收工作的通知
[2013-12-05 09:12:22]已插入 关于周三召开全体教职工大会的通知
[2013-12-05 09:12:23]已插入 关于2014年度省级科技计划项目申报的通知
[2013-12-05 09:12:24]已插入 转发《浙江省人事考试办关于做好2014年度全国专业技术人员职称外语等级统一考试报名工作》的通知
[2013-12-05 09:12:25]读取http://syxy.hdu.edu.cn/index.php?c=content&a=list&catid=101失败
[2013-12-05 09:12:26]已插入 关于2012-2013学年第二学期人文社科书目课外读书活动读书笔记收交的通知
[2013-12-05 09:12:27]已插入 2012-2013学年第2学期 大学物理实验甲（1） 期末考试安排
[2013-12-05 09:12:28]已插入 关于2013届毕业生学费结算的通知
[2013-12-05 09:12:29]已插入 关于2013年大学生科技传播创新竞赛的通知
[2013-12-05 09:12:31]已插入 我院开展印刷概论精品课程观摩课
[2013-12-05 09:12:32]已插入 我院开展数字媒体技术模改课程观摩课
[2013-12-05 09:12:33]已插入 我院在浙江省首届大学生摄影竞赛中喜获佳绩
[2013-12-05 09:12:34]已插入 中央美术学院王成良老师来我院讲座
[2013-12-05 09:12:35]college = 15
[2013-12-05 09:12:36]已插入 我院法学专业学生在今年司法考试中取得好成绩
[2013-12-05 09:12:37]已插入 人文与法学院12级社会学专业竞赛顺利进行
[2013-12-05 09:12:38]已插入 2013年秋季读书节落幕
[2013-12-05 09:12:39]已插入 人文与法学院12级编辑出版学专业竞赛圆满结束
[2013-12-05 09:12:41]已插入 关于2014年度新苗人才计划项目申报的通知
[2013-12-05 09:12:42]已插入 杭州电子科技大学第二次教职工代表大会暨第二次工会会员代表大会提案征集通知
[2013-12-05 09:12:44]已插入 12月6日、7日学术讲座通知
[2013-12-05 09:12:46]已插入 关于开通我校教师发展在线培训平台的通知
[2013-12-05 09:12:47]已插入 关于2013-2014学年第2学期教学任务安排的通知
[2013-12-05 09:12:48]已插入 2014年春季教材征订通知
[2013-12-05 09:12:49]已插入 我院召开教学经验交流研讨会
[2013-12-05 09:12:51]已插入 人文与法学院2012-2013学年三好学生、优秀班干部名单公示
[2013-12-05 09:12:52]已插入 关于开展2013（第六届）全国大学生版权征文活动的通知
[2013-12-05 09:12:53]已插入 关于2013-2014-1学期公办本科学生体质健康测试最后一次补测的通知
[2013-12-05 09:12:54]已插入 2010级发展党员公示
[2013-12-05 09:12:55]college = 16
[2013-12-05 09:12:55]已插入 感悟禅宗智慧，碰撞思想火花——马克思主义学院“思想的跳蚤市场活动”第三期成功举办>感悟禅宗智慧，碰撞思想火花——马克思主义学院“思想的跳蚤市场活动”第三期成功举办
[2013-12-05 09:12:56]已插入 校领导指导思想政治教育省级重点学科建设>校领导指导思想政治教育省级重点学科建设
[2013-12-05 09:12:57]已插入 我院教师赴衢州学院进行访问交流>我院教师赴衢州学院进行访问交流
[2013-12-05 09:12:58]已插入 我院举行教师教学集体观摩活动>我院举行教师教学集体观摩活动
[2013-12-05 09:13:00]已插入 下沙校区乙肝疫苗接种通知>下沙校区乙肝疫苗接种通知
[2013-12-05 09:13:01]已插入 开会通知>开会通知
[2013-12-05 09:13:02]已插入 转发《浙江省人事考试办关于做好2014年度全国专业技术人员职称外语等级统一考试报名工作》的通知>转发《浙江省人事考试办关于做好2014年度全国专业技术人员职称外语等级统一考试报名工作》的通知
[2013-12-05 09:13:03]已插入 浙江省教育厅办公室关于开展2013年度浙江省高校重大人文社科项目攻关计划项目申报工作的通知>浙江省教育厅办公室关于开展2013年度浙江省高校重大人文社科项目攻关计划项目申报工作的通知
[2013-12-05 09:13:04]college = 17
[2013-12-05 09:13:06]服务已关闭.
[2013-12-05 09:13:07]读取http://ped.hdu.edu.cn/default/category/index/id/53失败
[2013-12-05 09:29:34]college = 11
[2013-12-05 09:29:47]college = 0
[2013-12-05 09:29:48]已插入 学校着力推进部门网站建设与改革
[2013-12-05 09:29:49]已插入 2013杭州“寻找美丽学校”活动结果揭晓  我校获“最美学校”、“最美志愿者团队”奖
[2013-12-05 09:29:50]已插入 省教育纪工委书记葛菲一行来校调研指导工作
[2013-12-05 09:29:51]已插入 我校学生在第五届省大学生工业设计竞赛中获佳绩
[2013-12-05 09:29:53]插入失败
[2013-12-05 09:29:54]插入失败
[2013-12-05 09:29:55]已插入 教职工申请住房补贴情况公示
[2013-12-05 09:29:56]插入失败
[2013-12-05 09:29:57]已插入 关于举办全球信息化与大数据及其对管理实践的影响研讨会通知
[2013-12-05 09:29:58]已插入 上海大学钱伟长学院顾传青教授学术报告（卓越讲座第四十讲）
[2013-12-05 09:29:59]已插入 浙江省审计厅厅长陈荣高学术报告会通知--会计学院学术活动月系列讲座之七
[2013-12-05 09:30:00]已插入 美国Cornell University（康奈尔大学）教授Juan P Hinestroza博士学术报告
[2013-12-05 09:30:02]已插入 学校向离退休老同志通报近期发展情况
[2013-12-05 09:30:03]已插入 学校举行浙江保密学院建设研讨会
[2013-12-05 09:30:04]已插入 下沙高教园区交通安全志愿者工作推进会在我校举行
[2013-12-05 09:30:05]插入失败
[2013-12-05 09:30:06]college = 1
[2013-12-05 09:30:07]已插入 关于下周三（11月27日）召开全体教职工大会的通知
[2013-12-05 09:30:08]插入失败
[2013-12-05 09:30:09]已插入 学生发表学术论文情况统计
[2013-12-05 09:30:12]已插入 我院举行第四届“铁艺杯”铁制工艺品制作大赛
[2013-12-05 09:30:13]已插入 我院“先进班集体”评选顺利进行
[2013-12-05 09:30:14]已插入 我院毕业生浩瀚回母校做“轨迹我的大学”分享
[2013-12-05 09:30:14]服务已关闭.
[2013-12-05 09:38:41]college = 0
[2013-12-05 09:39:40]服务已关闭.
[2013-12-05 09:40:46]主程序启动!
[2013-12-05 09:40:46]打开服务中...
[2013-12-05 09:40:46]服务已打开.
[2013-12-05 09:40:46]college = 0
[2013-12-05 09:40:46]连接数据库中...
[2013-12-05 09:40:46]数据库连接成功
[2013-12-05 09:40:46]读取学院网站信息...
[2013-12-05 09:40:46]读取学院网站信息成功
[2013-12-05 09:40:46]读取网页:http://news.hdu.edu.cn/plus/rss.php?tid=3的信息中...
[2013-12-05 09:40:47]读取成功
[2013-12-05 09:40:47]未发现更新信息!
[2013-12-05 09:40:47]读取网页:http://news.hdu.edu.cn/plus/rss.php?tid=9的信息中...
[2013-12-05 09:40:47]读取成功
[2013-12-05 09:40:47]正在插入学院:1000信息...
[2013-12-05 09:40:47]插入失败
[2013-12-05 09:40:47]插入成功
[2013-12-05 09:40:48]插入失败
[2013-12-05 09:40:48]插入成功
[2013-12-05 09:40:49]插入成功
[2013-12-05 09:40:50]插入失败
[2013-12-05 09:40:50]插入成功
[2013-12-05 09:40:51]插入学院:1000信息成功
[2013-12-05 09:40:51]未发现更新信息!
[2013-12-05 09:40:51]读取网页:http://news.hdu.edu.cn/plus/rss.php?tid=10的信息中...
[2013-12-05 09:40:52]读取成功
[2013-12-05 09:40:52]未发现更新信息!
[2013-12-05 09:40:52]读取网页:http://news.hdu.edu.cn/plus/rss.php?tid=11的信息中...
[2013-12-05 09:40:52]读取成功
[2013-12-05 09:40:52]正在插入学院:1000信息...
[2013-12-05 09:40:52]插入成功
[2013-12-05 09:40:53]插入成功
[2013-12-05 09:40:54]插入成功
[2013-12-05 09:40:55]插入失败
[2013-12-05 09:40:55]插入成功
[2013-12-05 09:40:56]插入学院:1000信息成功
[2013-12-05 09:40:56]未发现更新信息!
[2013-12-05 09:40:56]数据库连接关闭
[2013-12-05 09:40:56]college = 1
[2013-12-05 09:40:56]连接数据库中...
[2013-12-05 09:40:56]数据库连接成功
[2013-12-05 09:40:56]读取学院网站信息...
[2013-12-05 09:40:56]读取学院网站信息成功
[2013-12-05 09:40:56]读取网页:http://mechanical.hdu.edu.cn/tonggao.php的信息中...
[2013-12-05 09:40:58]读取成功
[2013-12-05 09:40:58]正在插入学院:1001信息...
[2013-12-05 09:40:58]插入成功
[2013-12-05 09:40:59]插入失败
[2013-12-05 09:40:59]插入成功
[2013-12-05 09:41:00]插入成功
[2013-12-05 09:41:01]插入成功
[2013-12-05 09:41:02]插入学院:1001信息成功
[2013-12-05 09:41:02]未发现更新信息!
[2013-12-05 09:41:02]读取网页:http://mechanical.hdu.edu.cn/xueyuan.php的信息中...
[2013-12-05 09:41:03]读取成功
[2013-12-05 09:41:03]正在插入学院:1001信息...
[2013-12-05 09:41:03]插入成功
[2013-12-05 09:41:04]插入成功
[2013-12-05 09:41:05]插入成功
[2013-12-05 09:41:06]已插入 我院“博雅讲坛”第一讲顺利举行
[2013-12-05 09:41:06]插入成功
[2013-12-05 09:41:07]插入学院:1001信息成功
[2013-12-05 09:41:07]未发现更新信息!
[2013-12-05 09:41:07]读取网页:http://mechanical.hdu.edu.cn/jiaoxue.php的信息中...
[2013-12-05 09:41:08]读取成功
[2013-12-05 09:41:08]正在插入学院:1001信息...
[2013-12-05 09:41:08]已插入 关于开展2013-2014学年第一学期期中教学检查的通知
[2013-12-05 09:41:08]插入成功
[2013-12-05 09:41:09]已插入 2014届毕业设计题目汇总
[2013-12-05 09:41:09]插入成功
[2013-12-05 09:41:10]已插入 毕业设计第二轮选题
[2013-12-05 09:41:10]插入成功
[2013-12-05 09:41:11]已插入 毕业设计老师—学生确定表
[2013-12-05 09:41:11]插入成功
[2013-12-05 09:41:12]插入学院:1001信息成功
[2013-12-05 09:41:12]未发现更新信息!
[2013-12-05 09:41:12]读取网页:http://mechanical.hdu.edu.cn/keyan.php的信息中...
[2013-12-05 09:41:13]读取成功
[2013-12-05 09:41:13]正在插入学院:1001信息...
[2013-12-05 09:41:13]已插入 浙江省教育厅办公室关于开展2013年省教育厅科研项目申报工作的通知
[2013-12-05 09:41:13]插入成功
[2013-12-05 09:41:14]已插入 浙江省教育厅办公室关于做好高等学校科学研究项目结题工作的通知
[2013-12-05 09:41:14]插入成功
[2013-12-05 09:41:15]已插入 转发关于2013年度中国机械工业科学技术奖推荐的通知
[2013-12-05 09:41:15]插入成功
[2013-12-05 09:41:16]已插入 关于2013年论文成果登记采用无纸质化审核方式的通知
[2013-12-05 09:41:16]插入成功
[2013-12-05 09:41:17]插入学院:1001信息成功
[2013-12-05 09:41:17]未发现更新信息!
[2013-12-05 09:41:17]数据库连接关闭
[2013-12-05 09:41:17]college = 2
[2013-12-05 09:41:17]连接数据库中...
[2013-12-05 09:41:17]数据库连接成功
[2013-12-05 09:41:17]读取学院网站信息...
[2013-12-05 09:41:17]读取学院网站信息成功
[2013-12-05 09:41:17]读取网页:http://elec.hdu.edu.cn/news/class/?1.html的信息中...
[2013-12-05 09:41:19]读取成功
[2013-12-05 09:41:19]正在插入学院:1002信息...
[2013-12-05 09:41:19]插入失败
[2013-12-05 09:41:19]插入成功
[2013-12-05 09:41:20]插入成功
[2013-12-05 09:41:21]已插入 关于招募电子信息学院“E青春宣讲团”成员的通知
[2013-12-05 09:41:21]插入成功
[2013-12-05 09:41:22]插入失败
[2013-12-05 09:41:22]插入成功
[2013-12-05 09:41:23]插入学院:1002信息成功
[2013-12-05 09:41:23]未发现更新信息!
[2013-12-05 09:41:23]读取网页:http://elec.hdu.edu.cn/news/class/?57.html的信息中...
[2013-12-05 09:41:26]读取成功
[2013-12-05 09:41:26]正在插入学院:1002信息...
[2013-12-05 09:41:26]已插入 电子信息学院心理辅导站举行“紫手环”活动
[2013-12-05 09:41:26]插入成功
[2013-12-05 09:41:27]已插入 校团委例会在我院召开
[2013-12-05 09:41:27]插入成功
[2013-12-05 09:41:28]已插入 电子信息导论课精彩收尾
[2013-12-05 09:41:28]插入成功
[2013-12-05 09:41:29]已插入 电子信息学院学生骨干培训班开班
[2013-12-05 09:41:29]插入成功
[2013-12-05 09:41:30]插入学院:1002信息成功
[2013-12-05 09:41:30]未发现更新信息!
[2013-12-05 09:41:30]读取网页:http://elec.hdu.edu.cn/jiaoan/class/?4.html的信息中...
[2013-12-05 09:41:32]读取成功
[2013-12-05 09:41:32]正在插入学院:1002信息...
[2013-12-05 09:41:32]已插入 2013-2014-01学期《模拟电子电路实验》《线性电子电路实验》及《电路与电子技术实验II》开课通知
[2013-12-05 09:41:32]插入成功
[2013-12-05 09:41:33]已插入 2013-2014-01学期《信号与系统实验》开课通知
[2013-12-05 09:41:33]插入成功
[2013-12-05 09:41:34]已插入 2013-2014-01学期《通信电子电路实验》及《通信电路实验》开课通知 
[2013-12-05 09:41:34]插入成功
[2013-12-05 09:41:35]已插入 2013-2014-01学期运动会期间实验课上课安排
[2013-12-05 09:41:35]插入成功
[2013-12-05 09:41:36]插入学院:1002信息成功
[2013-12-05 09:41:36]未发现更新信息!
[2013-12-05 09:41:36]读取网页:http://elec.hdu.edu.cn/kexueyanjiu/class/?81.html的信息中...
[2013-12-05 09:41:38]读取成功
[2013-12-05 09:41:38]正在插入学院:1002信息...
[2013-12-05 09:41:38]已插入 我院钱正洪教授出席国际物联网传感技术高峰论坛会议
[2013-12-05 09:41:38]插入成功
[2013-12-05 09:41:40]已插入 英特尔高级工程师（工程部经理）戚孝宁学术报告
[2013-12-05 09:41:40]插入成功
[2013-12-05 09:41:41]已插入  美国加州大学伯克利分校胡正明教授和杭电校友美国英特尔公司高级工程师戚孝宁经理应邀来校作学术报告
[2013-12-05 09:41:41]插入成功
[2013-12-05 09:41:42]已插入 东南大学王志功教授来我校做关于国内教学改革动态的讲座
[2013-12-05 09:41:42]插入成功
[2013-12-05 09:41:43]插入学院:1002信息成功
[2013-12-05 09:41:43]未发现更新信息!
[2013-12-05 09:41:43]读取网页:http://elec.hdu.edu.cn/student/class/?22.html的信息中...
[2013-12-05 09:41:45]读取成功
[2013-12-05 09:41:45]正在插入学院:1002信息...
[2013-12-05 09:41:45]已插入 电子学院举办学长交流会
[2013-12-05 09:41:45]插入成功
[2013-12-05 09:41:46]已插入 电子信息学院举行主题团日活动评比
[2013-12-05 09:41:46]插入成功
[2013-12-05 09:41:47]已插入 电子信息学院话剧大赛圆满落幕
[2013-12-05 09:41:47]插入成功
[2013-12-05 09:41:48]已插入 电子信息学院举办优秀主持人选拔赛
[2013-12-05 09:41:48]插入成功
[2013-12-05 09:41:49]插入学院:1002信息成功
[2013-12-05 09:41:49]未发现更新信息!
[2013-12-05 09:41:49]数据库连接关闭
[2013-12-05 09:41:49]college = 3
[2013-12-05 09:41:49]连接数据库中...
[2013-12-05 09:41:49]数据库连接成功
[2013-12-05 09:41:49]读取学院网站信息...
[2013-12-05 09:41:49]读取学院网站信息成功
[2013-12-05 09:41:49]读取网页:http://comm.hdu.edu.cn/jygg/Index.aspx?Name=%e6%95%99%e7%a0%94%e5%85%ac%e5%91%8a的信息中...
[2013-12-05 09:41:49]读取成功
[2013-12-05 09:41:49]正在插入学院:1003信息...
[2013-12-05 09:41:49]已插入 关于2014届预计毕业学生电子注册图像采集工作的通知
[2013-12-05 09:41:49]插入成功
[2013-12-05 09:41:50]已插入 关于2014年美国（国际）大学生数学建模竞赛集训报名通知
[2013-12-05 09:41:50]插入成功
[2013-12-05 09:41:51]已插入 本学期体质测试最后一次补测的通知（11月30日）
[2013-12-05 09:41:51]插入成功
[2013-12-05 09:41:52]已插入 关于2012年度大学生创新创业训练计划项目结题验收的通知
[2013-12-05 09:41:52]插入成功
[2013-12-05 09:41:53]插入学院:1003信息成功
[2013-12-05 09:41:53]未发现更新信息!
[2013-12-05 09:41:53]读取网页:http://comm.hdu.edu.cn/xsdt/Index.aspx?Name=%e9%80%9a%e7%9f%a5%e5%85%ac%e5%91%8a的信息中...
[2013-12-05 09:41:53]读取成功
[2013-12-05 09:41:53]正在插入学院:1003信息...
[2013-12-05 09:41:53]已插入 【院赛】关于2014年度浙江省大学生科技创新活动计划（新苗人..
[2013-12-05 09:41:53]插入成功
[2013-12-05 09:41:54]已插入 通信工程学院青协感恩节送祝福活动顺利举办
[2013-12-05 09:41:54]插入成功
[2013-12-05 09:41:55]已插入 杭州电子科技大学第四届消防文化节圆满落幕
[2013-12-05 09:41:55]插入成功
[2013-12-05 09:41:57]已插入 共筑中国梦，我们在行动
[2013-12-05 09:41:57]插入成功
[2013-12-05 09:41:58]插入学院:1003信息成功
[2013-12-05 09:41:58]未发现更新信息!
[2013-12-05 09:41:58]读取网页:http://comm.hdu.edu.cn/xsdt/Index.aspx?TypeId=052886&Name=%E4%B8%93%E9%A2%98%E8%AE%B2%E5%BA%A7的信息中...
[2013-12-05 09:41:58]读取成功
[2013-12-05 09:41:58]正在插入学院:1003信息...
[2013-12-05 09:41:58]已插入 国家自然科学基金申报专题介绍
[2013-12-05 09:41:58]插入成功
[2013-12-05 09:41:59]已插入 （延期）英国贝德福特大学大学颜松远教授学术讲座
[2013-12-05 09:41:59]插入成功
[2013-12-05 09:42:00]已插入 “密钥交换协议”最新研究与进展
[2013-12-05 09:42:00]插入成功
[2013-12-05 09:42:01]已插入 "中国预警机之父"王小谟院士专题讲座
[2013-12-05 09:42:01]插入成功
[2013-12-05 09:42:02]插入学院:1003信息成功
[2013-12-05 09:42:02]未发现更新信息!
[2013-12-05 09:42:02]数据库连接关闭
[2013-12-05 09:42:02]college = 4
[2013-12-05 09:42:02]连接数据库中...
[2013-12-05 09:42:02]数据库连接成功
[2013-12-05 09:42:02]读取学院网站信息...
[2013-12-05 09:42:02]读取学院网站信息成功
[2013-12-05 09:42:02]读取网页:http://auto.hdu.edu.cn/Col/Col46/Index.aspx的信息中...
[2013-12-05 09:42:03]读取成功
[2013-12-05 09:42:03]正在插入学院:1004信息...
[2013-12-05 09:42:03]已插入 智能微电网研究与应用学术报告会
[2013-12-05 09:42:03]插入成功
[2013-12-05 09:42:04]已插入 日本上智大学招生宣讲、Sugimoto教授和Yoshimi教授学术报告的通知
[2013-12-05 09:42:04]插入成功
[2013-12-05 09:42:05]插入成功
[2013-12-05 09:42:06]已插入 关于召开浙江省高校自动化专业建设研讨会的通知
[2013-12-05 09:42:06]插入成功
[2013-12-05 09:42:07]插入学院:1004信息成功
[2013-12-05 09:42:07]未发现更新信息!
[2013-12-05 09:42:07]读取网页:http://auto.hdu.edu.cn/Col/Col47/Index.aspx的信息中...
[2013-12-05 09:42:08]读取成功
[2013-12-05 09:42:08]正在插入学院:1004信息...
[2013-12-05 09:42:08]已插入 关于2010级本科毕业设计题目申报及任务下达的通知（第二批）
[2013-12-05 09:42:08]插入成功
[2013-12-05 09:42:09]已插入 关于开展2013-2014学年第一学期网上学评教的通知
[2013-12-05 09:42:09]插入成功
[2013-12-05 09:42:10]已插入 关于10级工程设计训练及生产实习费用报销的通知（12.4更新）
[2013-12-05 09:42:10]插入成功
[2013-12-05 09:42:11]已插入 关于认真落实2013-2014-1学期期末考试第二阶段工作的通知
[2013-12-05 09:42:11]插入成功
[2013-12-05 09:42:12]插入学院:1004信息成功
[2013-12-05 09:42:12]未发现更新信息!
[2013-12-05 09:42:12]读取网页:http://auto.hdu.edu.cn/Col/Col48/Index.aspx的信息中...
[2013-12-05 09:42:13]读取成功
[2013-12-05 09:42:13]正在插入学院:1004信息...
[2013-12-05 09:42:13]已插入 TOP英语协会第三次英文原声电影放映——《美丽人生》
[2013-12-05 09:42:13]插入成功
[2013-12-05 09:42:14]已插入 关于举办浙江大学“中控杯”第九届机器人竞赛暨浙江省高校机器人邀请赛的通知
[2013-12-05 09:42:14]插入成功
[2013-12-05 09:42:15]插入成功
[2013-12-05 09:42:16]已插入 关于2014年省新苗计划项目申报的补充通知
[2013-12-05 09:42:16]插入成功
[2013-12-05 09:42:17]插入学院:1004信息成功
[2013-12-05 09:42:17]未发现更新信息!
[2013-12-05 09:42:17]读取网页:http://auto.hdu.edu.cn/Col/Col50/Index.aspx的信息中...
[2013-12-05 09:42:17]读取成功
[2013-12-05 09:42:17]正在插入学院:1004信息...
[2013-12-05 09:42:17]已插入 2012-2013学年自动化学院优秀研究生干部，研究生先进班集体评选结果公示
[2013-12-05 09:42:17]插入成功
[2013-12-05 09:42:18]已插入 2013年自动化学院研究生国家奖学金评审答辩的通知
[2013-12-05 09:42:18]插入成功
[2013-12-05 09:42:19]已插入 2013年自动化学院研究生国家奖学金评审结果公示
[2013-12-05 09:42:19]插入成功
[2013-12-05 09:42:20]插入成功
[2013-12-05 09:42:21]插入学院:1004信息成功
[2013-12-05 09:42:21]未发现更新信息!
[2013-12-05 09:42:21]数据库连接关闭
[2013-12-05 09:42:21]college = 5
[2013-12-05 09:42:21]连接数据库中...
[2013-12-05 09:42:21]数据库连接成功
[2013-12-05 09:42:21]读取学院网站信息...
[2013-12-05 09:42:21]读取学院网站信息成功
[2013-12-05 09:42:21]读取网页:http://computer.hdu.edu.cn/index.php/list/57的信息中...
[2013-12-05 09:42:26]读取成功
[2013-12-05 09:42:26]未发现更新信息!
[2013-12-05 09:42:26]读取网页:http://computer.hdu.edu.cn/index.php/list/23的信息中...
[2013-12-05 09:42:31]读取成功
[2013-12-05 09:42:31]正在插入学院:1005信息...
[2013-12-05 09:42:31]插入成功
[2013-12-05 09:42:32]插入成功
[2013-12-05 09:42:33]插入成功
[2013-12-05 09:42:34]插入成功
[2013-12-05 09:42:35]插入学院:1005信息成功
[2013-12-05 09:42:35]未发现更新信息!
[2013-12-05 09:42:35]读取网页:http://computer.hdu.edu.cn/index.php/list/31的信息中...
[2013-12-05 09:42:46]读取成功
[2013-12-05 09:42:46]正在插入学院:1005信息...
[2013-12-05 09:42:46]插入成功
[2013-12-05 09:42:47]插入成功
[2013-12-05 09:42:48]服务已关闭.
[2013-12-05 09:42:52]主程序启动!
[2013-12-05 09:42:52]打开服务中...
[2013-12-05 09:42:52]服务已打开.
[2013-12-05 09:42:52]college = 0
[2013-12-05 09:42:52]连接数据库中...
[2013-12-05 09:42:52]数据库连接成功
[2013-12-05 09:42:52]读取学院网站信息...
[2013-12-05 09:42:52]读取学院网站信息成功
[2013-12-05 09:42:52]读取网页:http://news.hdu.edu.cn/plus/rss.php?tid=3的信息中...
[2013-12-05 09:42:53]读取成功
[2013-12-05 09:42:53]未发现更新信息!
[2013-12-05 09:42:53]读取网页:http://news.hdu.edu.cn/plus/rss.php?tid=9的信息中...
[2013-12-05 09:42:54]读取成功
[2013-12-05 09:42:54]正在插入学院:1000信息...
[2013-12-05 09:42:54]插入失败
[2013-12-05 09:42:55]插入失败
[2013-12-05 09:42:57]插入失败
[2013-12-05 09:42:58]插入学院:1000信息成功
[2013-12-05 09:42:58]未发现更新信息!
[2013-12-05 09:42:58]读取网页:http://news.hdu.edu.cn/plus/rss.php?tid=10的信息中...
[2013-12-05 09:42:59]读取成功
[2013-12-05 09:42:59]未发现更新信息!
[2013-12-05 09:42:59]读取网页:http://news.hdu.edu.cn/plus/rss.php?tid=11的信息中...
[2013-12-05 09:42:59]读取成功
[2013-12-05 09:42:59]正在插入学院:1000信息...
[2013-12-05 09:43:15]主程序启动!
[2013-12-05 09:43:15]打开服务中...
[2013-12-05 09:43:15]服务已打开.
[2013-12-05 09:43:15]college = 0
[2013-12-05 09:43:15]连接数据库中...
[2013-12-05 09:43:15]数据库连接成功
[2013-12-05 09:43:15]读取学院网站信息...
[2013-12-05 09:43:15]读取学院网站信息成功
[2013-12-05 09:43:15]读取网页:http://news.hdu.edu.cn/plus/rss.php?tid=3的信息中...
[2013-12-05 09:43:16]读取成功
[2013-12-05 09:43:16]未发现更新信息!
[2013-12-05 09:43:16]读取网页:http://news.hdu.edu.cn/plus/rss.php?tid=9的信息中...
[2013-12-05 09:43:17]读取成功
[2013-12-05 09:43:17]正在插入学院:1000信息...
[2013-12-05 09:43:17]插入失败Incorrect string value: '\xA9\x96\xD2\xBB\xC8\xFD...' for column 'text' at row 189
[2013-12-05 09:43:18]插入失败Incorrect string value: '\x98\xC5\xB5\xC8\xD4\xDA...' for column 'text' at row 189
[2013-12-05 09:43:20]插入失败Incorrect string value: '\xA9\x96\xD2\xBB\xC8\xFD...' for column 'text' at row 189
[2013-12-05 09:43:21]插入学院:1000信息成功
[2013-12-05 09:43:21]未发现更新信息!
[2013-12-05 09:43:21]读取网页:http://news.hdu.edu.cn/plus/rss.php?tid=10的信息中...
[2013-12-05 09:43:21]读取成功
[2013-12-05 09:43:21]未发现更新信息!
[2013-12-05 09:43:21]读取网页:http://news.hdu.edu.cn/plus/rss.php?tid=11的信息中...
[2013-12-05 09:43:22]读取成功
[2013-12-05 09:43:22]正在插入学院:1000信息...
[2013-12-05 09:43:25]插入失败Illegal mix of collations (gbk_chinese_ci,IMPLICIT) and (gb2312_chinese_ci,COERCIBLE) for operation '='
[2013-12-05 09:43:26]插入学院:1000信息成功
[2013-12-05 09:43:26]未发现更新信息!
[2013-12-05 09:43:26]数据库连接关闭
[2013-12-05 09:43:26]college = 1
[2013-12-05 09:43:26]连接数据库中...
[2013-12-05 09:43:26]数据库连接成功
[2013-12-05 09:43:26]读取学院网站信息...
[2013-12-05 09:43:26]读取学院网站信息成功
[2013-12-05 09:43:26]读取网页:http://mechanical.hdu.edu.cn/tonggao.php的信息中...
[2013-12-05 09:43:27]读取成功
[2013-12-05 09:43:27]正在插入学院:1001信息...
[2013-12-05 09:43:28]插入失败Incorrect string value: '\xA9\x96\xD2\xBB\xC8\xFD...' for column 'text' at row 189
[2013-12-05 09:43:31]插入学院:1001信息成功
[2013-12-05 09:43:31]未发现更新信息!
[2013-12-05 09:43:31]读取网页:http://mechanical.hdu.edu.cn/xueyuan.php的信息中...
[2013-12-05 09:43:32]读取成功
[2013-12-05 09:43:32]未发现更新信息!
[2013-12-05 09:43:32]读取网页:http://mechanical.hdu.edu.cn/jiaoxue.php的信息中...
[2013-12-05 09:43:33]读取成功
[2013-12-05 09:43:33]正在插入学院:1001信息...
[2013-12-05 09:43:36]已插入 毕业设计老师—学生确定表
[2013-12-05 09:43:37]插入学院:1001信息成功
[2013-12-05 09:43:37]未发现更新信息!
[2013-12-05 09:43:37]读取网页:http://mechanical.hdu.edu.cn/keyan.php的信息中...
[2013-12-05 09:43:38]读取成功
[2013-12-05 09:43:38]未发现更新信息!
[2013-12-05 09:43:38]数据库连接关闭
[2013-12-05 09:43:38]college = 2
[2013-12-05 09:43:38]连接数据库中...
[2013-12-05 09:43:38]数据库连接成功
[2013-12-05 09:43:38]读取学院网站信息...
[2013-12-05 09:43:38]读取学院网站信息成功
[2013-12-05 09:43:38]读取网页:http://elec.hdu.edu.cn/news/class/?1.html的信息中...
[2013-12-05 09:43:41]读取成功
[2013-12-05 09:43:41]正在插入学院:1002信息...
[2013-12-05 09:43:41]插入失败Incorrect string value: '\xA9\x96\xD2\xBB\xC8\xFD...' for column 'text' at row 190
[2013-12-05 09:43:44]插入失败Incorrect string value: '\xADZ\xC0\xCF\xCA\xA6...' for column 'text' at row 190
[2013-12-05 09:43:45]插入学院:1002信息成功
[2013-12-05 09:43:45]未发现更新信息!
[2013-12-05 09:43:45]读取网页:http://elec.hdu.edu.cn/news/class/?57.html的信息中...
[2013-12-05 09:43:47]读取成功
[2013-12-05 09:43:47]未发现更新信息!
[2013-12-05 09:43:47]读取网页:http://elec.hdu.edu.cn/jiaoan/class/?4.html的信息中...
[2013-12-05 09:43:49]读取成功
[2013-12-05 09:43:49]未发现更新信息!
[2013-12-05 09:43:49]读取网页:http://elec.hdu.edu.cn/kexueyanjiu/class/?81.html的信息中...
[2013-12-05 09:43:52]读取成功
[2013-12-05 09:43:52]未发现更新信息!
[2013-12-05 09:43:52]读取网页:http://elec.hdu.edu.cn/student/class/?22.html的信息中...
[2013-12-05 09:43:54]读取成功
[2013-12-05 09:43:54]未发现更新信息!
[2013-12-05 09:43:54]数据库连接关闭
[2013-12-05 09:43:54]college = 3
[2013-12-05 09:43:54]连接数据库中...
[2013-12-05 09:43:54]数据库连接成功
[2013-12-05 09:43:54]读取学院网站信息...
[2013-12-05 09:43:54]读取学院网站信息成功
[2013-12-05 09:43:54]读取网页:http://comm.hdu.edu.cn/jygg/Index.aspx?Name=%e6%95%99%e7%a0%94%e5%85%ac%e5%91%8a的信息中...
[2013-12-05 09:43:54]读取成功
[2013-12-05 09:43:54]未发现更新信息!
[2013-12-05 09:43:54]读取网页:http://comm.hdu.edu.cn/xsdt/Index.aspx?Name=%e9%80%9a%e7%9f%a5%e5%85%ac%e5%91%8a的信息中...
[2013-12-05 09:43:54]读取成功
[2013-12-05 09:43:54]未发现更新信息!
[2013-12-05 09:43:54]读取网页:http://comm.hdu.edu.cn/xsdt/Index.aspx?TypeId=052886&Name=%E4%B8%93%E9%A2%98%E8%AE%B2%E5%BA%A7的信息中...
[2013-12-05 09:43:54]读取成功
[2013-12-05 09:43:54]未发现更新信息!
[2013-12-05 09:43:54]数据库连接关闭
[2013-12-05 09:43:54]college = 4
[2013-12-05 09:43:54]连接数据库中...
[2013-12-05 09:43:54]数据库连接成功
[2013-12-05 09:43:54]读取学院网站信息...
[2013-12-05 09:43:54]读取学院网站信息成功
[2013-12-05 09:43:54]读取网页:http://auto.hdu.edu.cn/Col/Col46/Index.aspx的信息中...
[2013-12-05 09:43:55]读取成功
[2013-12-05 09:43:55]未发现更新信息!
[2013-12-05 09:43:55]读取网页:http://auto.hdu.edu.cn/Col/Col47/Index.aspx的信息中...
[2013-12-05 09:43:55]读取成功
[2013-12-05 09:43:55]未发现更新信息!
[2013-12-05 09:43:55]读取网页:http://auto.hdu.edu.cn/Col/Col48/Index.aspx的信息中...
[2013-12-05 09:43:56]读取成功
[2013-12-05 09:43:56]未发现更新信息!
[2013-12-05 09:43:56]读取网页:http://auto.hdu.edu.cn/Col/Col50/Index.aspx的信息中...
[2013-12-05 09:43:57]读取成功
[2013-12-05 09:43:57]正在插入学院:1004信息...
[2013-12-05 09:44:01]插入学院:1004信息成功
[2013-12-05 09:44:01]未发现更新信息!
[2013-12-05 09:44:01]数据库连接关闭
[2013-12-05 09:44:01]college = 5
[2013-12-05 09:44:01]连接数据库中...
[2013-12-05 09:44:01]数据库连接成功
[2013-12-05 09:44:01]读取学院网站信息...
[2013-12-05 09:44:01]读取学院网站信息成功
[2013-12-05 09:44:01]读取网页:http://computer.hdu.edu.cn/index.php/list/57的信息中...
[2013-12-05 09:44:01]读取成功
[2013-12-05 09:44:01]未发现更新信息!
[2013-12-05 09:44:01]读取网页:http://computer.hdu.edu.cn/index.php/list/23的信息中...
[2013-12-05 09:44:01]读取成功
[2013-12-05 09:44:01]正在插入学院:1005信息...
[2013-12-05 09:44:05]插入学院:1005信息成功
[2013-12-05 09:44:05]未发现更新信息!
[2013-12-05 09:44:05]读取网页:http://computer.hdu.edu.cn/index.php/list/31的信息中...
[2013-12-05 09:44:08]读取成功
[2013-12-05 09:44:08]正在插入学院:1005信息...
[2013-12-05 09:44:10]已插入 关于2012级硕士研究生开展社会实践的通知
[2013-12-05 09:44:11]已插入 《计算机组成原理》爱课程网站使用说明
[2013-12-05 09:44:12]插入学院:1005信息成功
[2013-12-05 09:44:12]未发现更新信息!
[2013-12-05 09:44:12]读取网页:http://computer.hdu.edu.cn/index.php/list/56的信息中...
[2013-12-05 09:44:12]读取成功
[2013-12-05 09:44:12]正在插入学院:1005信息...
[2013-12-05 09:44:12]已插入 第38届ACM大赛中我校学生斩获一金一银
[2013-12-05 09:44:13]已插入 计算机学院开展趣味消防运动会
[2013-12-05 09:44:14]已插入 计算机学院网站设计大赛圆满落幕
[2013-12-05 09:44:15]已插入 胡广寰博士“淘宝搜索系统技术探秘”主题讲座成功举办
[2013-12-05 09:44:16]插入学院:1005信息成功
[2013-12-05 09:44:16]未发现更新信息!
[2013-12-05 09:44:16]读取网页:http://computer.hdu.edu.cn/index.php/list/49的信息中...
[2013-12-05 09:44:17]读取成功
[2013-12-05 09:44:17]正在插入学院:1005信息...
[2013-12-05 09:44:17]已插入 2013年10月份网上党校结业名单通告
[2013-12-05 09:44:18]已插入 《Linux从入门到精通》杭电在校生免费学习  
[2013-12-05 09:44:19]已插入 【科技讲座】淘宝搜索系统技术探秘
[2013-12-05 09:44:20]已插入 关于举办计算机学院大学生程序设计竞赛（2013’12）的报名通知
[2013-12-05 09:44:21]插入学院:1005信息成功
[2013-12-05 09:44:21]未发现更新信息!
[2013-12-05 09:44:21]读取网页:http://computer.hdu.edu.cn/index.php/list/37的信息中...
[2013-12-05 09:44:24]读取成功
[2013-12-05 09:44:24]正在插入学院:1005信息...
[2013-12-05 09:44:24]已插入 浙江省科学技术厅关于2014年度省级公益性技术应用研究计划项目申报的通知
[2013-12-05 09:44:25]已插入 转发关于征集2014年度中荷主题科研合作计划（JSTP）项目的通知 
[2013-12-05 09:44:27]已插入 专利申请与审查相关知识讲座
[2013-12-05 09:44:28]插入学院:1005信息成功
[2013-12-05 09:44:28]未发现更新信息!
[2013-12-05 09:44:28]读取网页:http://computer.hdu.edu.cn/index.php/list/44的信息中...
[2013-12-05 09:44:33]读取成功
[2013-12-05 09:44:33]正在插入学院:1005信息...
[2013-12-05 09:44:33]已插入 澳大利亚肯迪大学Yang Xiang教授学术报告会
[2013-12-05 09:44:34]已插入 网易杭州研究院张晓龙博士学术报告会
[2013-12-05 09:44:35]已插入 &quot;中国预警机之父&quot;王小谟院士专题讲座 
[2013-12-05 09:44:36]已插入 关于周昌乐教授《国学新知》之“大学之道”讲座的通知
[2013-12-05 09:44:37]插入学院:1005信息成功
[2013-12-05 09:44:37]未发现更新信息!
[2013-12-05 09:44:37]数据库连接关闭
[2013-12-05 09:44:37]college = 6
[2013-12-05 09:44:37]连接数据库中...
[2013-12-05 09:44:37]数据库连接成功
[2013-12-05 09:44:37]读取学院网站信息...
[2013-12-05 09:44:37]读取学院网站信息成功
[2013-12-05 09:44:37]读取网页:http://cmee.hdu.edu.cn/content/newslist.aspx?id=90的信息中...
[2013-12-05 09:44:37]读取成功
[2013-12-05 09:44:37]正在插入学院:1006信息...
[2013-12-05 09:44:37]已插入                          关于做好2013年秋季浙江省高校教师教育理论培训和上机考试工作的通知  
[2013-12-05 09:44:38]已插入                          材料与环境工程学院关于明确教师学科归属及各研究所成员名单的决定（征求意见稿）  
[2013-12-05 09:44:39]已插入                          材环学院综合支部赴富阳进行技术对接  
[2013-12-05 09:44:40]已插入                          材料与环境工程学院内设机构岗位干部任前公示  
[2013-12-05 09:44:41]插入学院:1006信息成功
[2013-12-05 09:44:41]未发现更新信息!
[2013-12-05 09:44:41]读取网页:http://cmee.hdu.edu.cn/content/newslist.aspx?id=50的信息中...
[2013-12-05 09:44:41]读取成功
[2013-12-05 09:44:41]正在插入学院:1006信息...
[2013-12-05 09:44:41]已插入                          关于2014届预计毕业学生电子注册图像采集工作的通知   
[2013-12-05 09:44:42]已插入                          关于2013-2014-1学期公办本科学生体质健康测试最后一次补测的通知  
[2013-12-05 09:44:43]已插入                          关于开展2013-2014学年第一学期网上学评教的通知  
[2013-12-05 09:44:44]已插入                          关于环境专业建设、本科生培养经验介绍(浙江工商大学孙培德教授讲座）  
[2013-12-05 09:44:45]插入学院:1006信息成功
[2013-12-05 09:44:45]未发现更新信息!
[2013-12-05 09:44:45]读取网页:http://cmee.hdu.edu.cn/content/newslist.aspx?id=49的信息中...
[2013-12-05 09:44:45]读取成功
[2013-12-05 09:44:45]正在插入学院:1006信息...
[2013-12-05 09:44:45]已插入                          材环学院青协感恩相伴活动  
[2013-12-05 09:44:46]已插入                          材环学院科协举办学生竞赛宣讲会  
[2013-12-05 09:44:48]已插入                          材环学院举行第三届摩尔杯实验大赛决赛  
[2013-12-05 09:44:49]插入学院:1006信息成功
[2013-12-05 09:44:49]未发现更新信息!
[2013-12-05 09:44:49]读取网页:http://cmee.hdu.edu.cn/content/newslist.aspx?id=48的信息中...
[2013-12-05 09:44:49]读取成功
[2013-12-05 09:44:49]正在插入学院:1006信息...
[2013-12-05 09:44:49]已插入                          浙江省科学技术厅关于组织申报2014年度国家星火计划项目的通知  
[2013-12-05 09:44:51]已插入                          关于申报我校2013年度学术专著出版资助的通知  
[2013-12-05 09:44:52]已插入                          关于2014年度浙江省自然科学基金项目申报的补充通知  
[2013-12-05 09:44:53]已插入                          2013年成果登记的通知  
[2013-12-05 09:44:54]插入学院:1006信息成功
[2013-12-05 09:44:54]未发现更新信息!
[2013-12-05 09:44:54]数据库连接关闭
[2013-12-05 09:44:54]college = 7
[2013-12-05 09:44:54]连接数据库中...
[2013-12-05 09:44:54]数据库连接成功
[2013-12-05 09:44:54]读取学院网站信息...
[2013-12-05 09:44:54]读取学院网站信息成功
[2013-12-05 09:44:54]读取网页:http://lisie.hdu.edu.cn/?cat=62的信息中...
[2013-12-05 09:44:57]读取成功
[2013-12-05 09:44:57]正在插入学院:1007信息...
[2013-12-05 09:44:57]已插入 生命信息与仪器工程学院2013研究生奖学金评定细则        
[2013-12-05 09:44:58]已插入 关于做好2013年选派校优秀中青年教师出国进修、访问的通知        
[2013-12-05 09:44:59]已插入 本周三（11月27日）学院大会        
[2013-12-05 09:45:01]插入学院:1007信息成功
[2013-12-05 09:45:01]未发现更新信息!
[2013-12-05 09:45:01]读取网页:http://lisie.hdu.edu.cn/?cat=76的信息中...
[2013-12-05 09:45:04]读取成功
[2013-12-05 09:45:04]正在插入学院:1007信息...
[2013-12-05 09:45:04]已插入 学院学术报告（五）影像遗传学研究        
[2013-12-05 09:45:05]已插入 国家自然科学基金委员会&#8211;山东省人民政府海洋科学研究中心联合资助项目2013年度申请指南        
[2013-12-05 09:45:06]已插入 2014年度国家自然科学基金项目申报动员会        
[2013-12-05 09:45:07]已插入 【会议通知】校专利申请与审查相关知识讲座的通知        
[2013-12-05 09:45:08]插入学院:1007信息成功
[2013-12-05 09:45:08]未发现更新信息!
[2013-12-05 09:45:08]读取网页:http://lisie.hdu.edu.cn/?cat=66的信息中...
[2013-12-05 09:45:11]读取成功
[2013-12-05 09:45:11]正在插入学院:1007信息...
[2013-12-05 09:45:11]已插入 《生物统计学》观摩课        
[2013-12-05 09:45:12]已插入 关于10级工程设计训练及生产实习费用报销的通知        
[2013-12-05 09:45:13]已插入 关于10级本科生毕业设计题目申报及任务下达的通知        
[2013-12-05 09:45:14]已插入 生命科学竞赛研讨会通知        
[2013-12-05 09:45:15]插入学院:1007信息成功
[2013-12-05 09:45:15]未发现更新信息!
[2013-12-05 09:45:15]读取网页:http://lisie.hdu.edu.cn/?cat=84的信息中...
[2013-12-05 09:45:18]读取成功
[2013-12-05 09:45:18]正在插入学院:1007信息...
[2013-12-05 09:45:18]已插入 转：关于杭州电子科技大学本科生三好学生、优秀学生干部评选的通知        
[2013-12-05 09:45:19]已插入 生仪学院2012-2013学年先进班集体评选活动圆满落幕        
[2013-12-05 09:45:20]已插入 生仪学院团委学生会干部干事培训第二讲——心理素质拓展        
[2013-12-05 09:45:21]已插入 生命信息与仪器工程学院团委学生会干部干事培训第三讲——项目拓展培训        
[2013-12-05 09:45:22]插入学院:1007信息成功
[2013-12-05 09:45:22]未发现更新信息!
[2013-12-05 09:45:22]数据库连接关闭
[2013-12-05 09:45:22]college = 8
[2013-12-05 09:45:22]连接数据库中...
[2013-12-05 09:45:22]数据库连接成功
[2013-12-05 09:45:22]读取学院网站信息...
[2013-12-05 09:45:22]读取学院网站信息成功
[2013-12-05 09:45:22]读取网页:http://itsoft.hdu.edu.cn/default/category/index/categoryid/82的信息中...
[2013-12-05 09:45:24]读取成功
[2013-12-05 09:45:24]正在插入学院:1008信息...
[2013-12-05 09:45:24]已插入 关于开展2014届毕业设计（论文）工作的通知
[2013-12-05 09:45:26]已插入 关于大学英语四、六级考试题型调整的说明
[2013-12-05 09:45:27]已插入 关于2013年12月14日全国大学英语四、六级考试的通知
[2013-12-05 09:45:28]插入学院:1008信息成功
[2013-12-05 09:45:28]未发现更新信息!
[2013-12-05 09:45:28]读取网页:http://itsoft.hdu.edu.cn/default/category/index/categoryid/42的信息中...
[2013-12-05 09:45:30]读取成功
[2013-12-05 09:45:30]正在插入学院:1008信息...
[2013-12-05 09:45:30]已插入 关于进一步加强因私出国（境）管理的通知（杭电人【2013】289号）
[2013-12-05 09:45:34]插入学院:1008信息成功
[2013-12-05 09:45:34]未发现更新信息!
[2013-12-05 09:45:34]读取网页:http://itsoft.hdu.edu.cn/default/category/index/categoryid/94的信息中...
[2013-12-05 09:45:35]读取成功
[2013-12-05 09:45:35]正在插入学院:1008信息...
[2013-12-05 09:45:35]已插入 关于2014年度浙江省自然科学基金项目申报的补充通知
[2013-12-05 09:45:36]已插入 2013年成果登记的通知
[2013-12-05 09:45:38]已插入 专利申请与审查相关知识讲座的通知
[2013-12-05 09:45:39]插入学院:1008信息成功
[2013-12-05 09:45:39]未发现更新信息!
[2013-12-05 09:45:39]读取网页:http://itsoft.hdu.edu.cn/default/category/index/categoryid/41的信息中...
[2013-12-05 09:45:40]读取成功
[2013-12-05 09:45:40]正在插入学院:1008信息...
[2013-12-05 09:45:40]已插入 我院举行“最美家乡展”PPT大赛
[2013-12-05 09:45:41]已插入 学院第一届“十佳勤工助学之星”评选活动圆满落幕
[2013-12-05 09:45:43]已插入 学院举行先进班级评选活动
[2013-12-05 09:45:44]已插入 学院举行“党员示范寝室”创建挂牌仪式
[2013-12-05 09:45:45]插入学院:1008信息成功
[2013-12-05 09:45:45]未发现更新信息!
[2013-12-05 09:45:45]读取网页:http://itsoft.hdu.edu.cn/default/category/index/categoryid/65的信息中...
[2013-12-05 09:45:46]读取成功
[2013-12-05 09:45:46]正在插入学院:1008信息...
[2013-12-05 09:45:46]已插入 唇枪舌战，谁与争锋—院新生班级辩论赛名次揭晓
[2013-12-05 09:45:47]插入失败Illegal mix of collations (gbk_chinese_ci,IMPLICIT) and (gb2312_chinese_ci,COERCIBLE) for operation '='
[2013-12-05 09:45:48]插入失败Incorrect string value: '\xEB\x85\xA3\xAC\xC5\xAE...' for column 'text' at row 249
[2013-12-05 09:45:49]已插入 开展软件工程学院第一届“科技之星”评选活动的通知
[2013-12-05 09:45:50]插入学院:1008信息成功
[2013-12-05 09:45:50]未发现更新信息!
[2013-12-05 09:45:50]数据库连接关闭
[2013-12-05 09:45:50]college = 9
[2013-12-05 09:45:50]连接数据库中...
[2013-12-05 09:45:50]数据库连接成功
[2013-12-05 09:45:50]读取学院网站信息...
[2013-12-05 09:45:50]读取学院网站信息成功
[2013-12-05 09:45:50]读取网页:http://itsoft.hdu.edu.cn/default/category/index/categoryid/82的信息中...
[2013-12-05 09:45:52]读取成功
[2013-12-05 09:45:52]未发现更新信息!
[2013-12-05 09:45:52]读取网页:http://itsoft.hdu.edu.cn/default/category/index/categoryid/42的信息中...
[2013-12-05 09:45:54]读取成功
[2013-12-05 09:45:54]正在插入学院:1008信息...
[2013-12-05 09:45:58]插入学院:1008信息成功
[2013-12-05 09:45:58]未发现更新信息!
[2013-12-05 09:45:58]读取网页:http://itsoft.hdu.edu.cn/default/category/index/categoryid/94的信息中...
[2013-12-05 09:46:00]读取成功
[2013-12-05 09:46:00]未发现更新信息!
[2013-12-05 09:46:00]读取网页:http://itsoft.hdu.edu.cn/default/category/index/categoryid/41的信息中...
[2013-12-05 09:46:01]读取成功
[2013-12-05 09:46:01]未发现更新信息!
[2013-12-05 09:46:01]读取网页:http://itsoft.hdu.edu.cn/default/category/index/categoryid/65的信息中...
[2013-12-05 09:46:02]读取成功
[2013-12-05 09:46:02]未发现更新信息!
[2013-12-05 09:46:02]数据库连接关闭
[2013-12-05 09:46:02]college = 10
[2013-12-05 09:46:02]连接数据库中...
[2013-12-05 09:46:02]数据库连接成功
[2013-12-05 09:46:02]读取学院网站信息...
[2013-12-05 09:46:02]读取学院网站信息成功
[2013-12-05 09:46:02]读取网页:http://economics.hdu.edu.cn/chinese/column.php?id=16的信息中...
[2013-12-05 09:46:03]读取成功
[2013-12-05 09:46:03]正在插入学院:1010信息...
[2013-12-05 09:46:03]已插入 我校同学在浙江省大学生统计调查方案设计大赛中蝉联第一
[2013-12-05 09:46:04]已插入 学院教师教学发展中心成立并开展系列活动
[2013-12-05 09:46:05]已插入 对外经济贸易大学葛嬴教授来我院讲学
[2013-12-05 09:46:06]已插入 “中国金融学科终身成就奖”获得者曾康霖教授来我院讲学
[2013-12-05 09:46:07]插入学院:1010信息成功
[2013-12-05 09:46:07]未发现更新信息!
[2013-12-05 09:46:07]读取网页:http://economics.hdu.edu.cn/chinese/column.php?id=3的信息中...
[2013-12-05 09:46:08]读取成功
[2013-12-05 09:46:08]正在插入学院:1010信息...
[2013-12-05 09:46:08]已插入 “经达论坛·青年学者沙龙”学术讲座通知
[2013-12-05 09:46:09]已插入 学术会议通知
[2013-12-05 09:46:10]已插入 关于2013年度科技竞赛和挑战杯指导工作量核对的通知
[2013-12-05 09:46:11]已插入 关于2013年度研究生工作量核对的通知
[2013-12-05 09:46:12]插入学院:1010信息成功
[2013-12-05 09:46:12]未发现更新信息!
[2013-12-05 09:46:12]读取网页:http://economics.hdu.edu.cn/chinese/column.php?id=25的信息中...
[2013-12-05 09:46:13]读取成功
[2013-12-05 09:46:13]正在插入学院:1010信息...
[2013-12-05 09:46:15]已插入 关于2013-2014-1期末考试安排的通知
[2013-12-05 09:46:17]插入学院:1010信息成功
[2013-12-05 09:46:17]未发现更新信息!
[2013-12-05 09:46:17]读取网页:http://economics.hdu.edu.cn/chinese/column.php?id=36的信息中...
[2013-12-05 09:46:18]读取成功
[2013-12-05 09:46:19]正在插入学院:1010信息...
[2013-12-05 09:46:19]已插入 关于组织申报浙江省文化厅2013—2014年度文化科研项目的通知
[2013-12-05 09:46:20]已插入 关于进一步加强研究所规范化管理的通知
[2013-12-05 09:46:21]已插入 浙江省经济学会2013年年会通知
[2013-12-05 09:46:22]已插入 关于申报2014年度省软科学研究计划项目的通知
[2013-12-05 09:46:23]插入学院:1010信息成功
[2013-12-05 09:46:23]未发现更新信息!
[2013-12-05 09:46:23]数据库连接关闭
[2013-12-05 09:46:23]college = 11
[2013-12-05 09:46:23]连接数据库中...
[2013-12-05 09:46:23]数据库连接成功
[2013-12-05 09:46:23]读取学院网站信息...
[2013-12-05 09:46:23]读取学院网站信息成功
[2013-12-05 09:46:23]读取网页:http://management.hdu.edu.cn/Col/Col15/Index.aspx的信息中...
[2013-12-05 09:46:23]读取成功
[2013-12-05 09:46:23]未发现更新信息!
[2013-12-05 09:46:23]读取网页:http://management.hdu.edu.cn/Col/Col53/Index.aspx的信息中...
[2013-12-05 09:46:24]读取成功
[2013-12-05 09:46:24]正在插入学院:1011信息...
[2013-12-05 09:46:28]插入学院:1011信息成功
[2013-12-05 09:46:28]未发现更新信息!
[2013-12-05 09:46:28]读取网页:http://management.hdu.edu.cn/Col/Col54/Index.aspx的信息中...
[2013-12-05 09:46:30]读取成功
[2013-12-05 09:46:30]正在插入学院:1011信息...
[2013-12-05 09:46:34]插入学院:1011信息成功
[2013-12-05 09:46:34]未发现更新信息!
[2013-12-05 09:46:34]读取网页:http://management.hdu.edu.cn/Col/Col55/Index.aspx的信息中...
[2013-12-05 09:46:34]读取成功
[2013-12-05 09:46:34]未发现更新信息!
[2013-12-05 09:46:34]读取网页:http://management.hdu.edu.cn/Col/Col56/Index.aspx的信息中...
[2013-12-05 09:46:35]读取成功
[2013-12-05 09:46:35]正在插入学院:1011信息...
[2013-12-05 09:46:39]插入学院:1011信息成功
[2013-12-05 09:46:39]未发现更新信息!
[2013-12-05 09:46:39]读取网页:http://management.hdu.edu.cn/Col/Col59/Index.aspx的信息中...
[2013-12-05 09:46:40]读取成功
[2013-12-05 09:46:40]正在插入学院:1011信息...
[2013-12-05 09:46:41]插入失败You have an error in your SQL syntax; check the manual that corresponds to your MySQL server version for the right syntax to use near 'of instant messaging using the theory of planned behavior, the technology accept' at line 1
[2013-12-05 09:46:44]插入学院:1011信息成功
[2013-12-05 09:46:44]未发现更新信息!
[2013-12-05 09:46:44]读取网页:http://management.hdu.edu.cn/Col/Col60/Index.aspx的信息中...
[2013-12-05 09:46:44]读取成功
[2013-12-05 09:46:44]未发现更新信息!
[2013-12-05 09:46:44]数据库连接关闭
[2013-12-05 09:46:44]college = 12
[2013-12-05 09:46:44]连接数据库中...
[2013-12-05 09:46:44]数据库连接成功
[2013-12-05 09:46:44]读取学院网站信息...
[2013-12-05 09:46:44]读取学院网站信息成功
[2013-12-05 09:46:44]读取网页:http://accounting.hdu.edu.cn/?list-596.html的信息中...
[2013-12-05 09:46:45]读取成功
[2013-12-05 09:46:45]未发现更新信息!
[2013-12-05 09:46:45]读取网页:http://accounting.hdu.edu.cn/?list-589的信息中...
[2013-12-05 09:46:45]读取成功
[2013-12-05 09:46:45]未发现更新信息!
[2013-12-05 09:46:45]读取网页:http://accounting.hdu.edu.cn/?list-595的信息中...
[2013-12-05 09:46:46]读取成功
[2013-12-05 09:46:46]未发现更新信息!
[2013-12-05 09:46:46]读取网页:http://accounting.hdu.edu.cn/?list-592的信息中...
[2013-12-05 09:46:46]读取成功
[2013-12-05 09:46:46]未发现更新信息!
[2013-12-05 09:46:46]读取网页:http://accounting.hdu.edu.cn/?list-659的信息中...
[2013-12-05 09:46:46]读取成功
[2013-12-05 09:46:46]未发现更新信息!
[2013-12-05 09:46:46]读取网页:http://accounting.hdu.edu.cn/?list-593的信息中...
[2013-12-05 09:46:47]读取成功
[2013-12-05 09:46:47]未发现更新信息!
[2013-12-05 09:46:47]数据库连接关闭
[2013-12-05 09:46:47]college = 13
[2013-12-05 09:46:47]连接数据库中...
[2013-12-05 09:46:47]数据库连接成功
[2013-12-05 09:46:47]读取学院网站信息...
[2013-12-05 09:46:47]读取学院网站信息成功
[2013-12-05 09:46:47]读取网页:http://foreignedu.hdu.edu.cn/list.php?cid=34的信息中...
[2013-12-05 09:46:48]读取成功
[2013-12-05 09:46:48]未发现更新信息!
[2013-12-05 09:46:48]读取网页:http://foreignedu.hdu.edu.cn/list.php?cid=35的信息中...
[2013-12-05 09:46:48]读取成功
[2013-12-05 09:46:48]未发现更新信息!
[2013-12-05 09:46:48]数据库连接关闭
[2013-12-05 09:46:48]college = 14
[2013-12-05 09:46:48]连接数据库中...
[2013-12-05 09:46:48]数据库连接成功
[2013-12-05 09:46:48]读取学院网站信息...
[2013-12-05 09:46:48]读取学院网站信息成功
[2013-12-05 09:46:48]读取网页:http://syxy.hdu.edu.cn/index.php?c=content&a=list&catid=31的信息中...
[2013-12-05 09:46:49]读取成功
[2013-12-05 09:46:49]正在插入学院:1014信息...
[2013-12-05 09:46:53]插入学院:1014信息成功
[2013-12-05 09:46:53]未发现更新信息!
[2013-12-05 09:46:53]读取网页:http://syxy.hdu.edu.cn/index.php?c=content&a=list&catid=101的信息中...
[2013-12-05 09:46:53]读取http://syxy.hdu.edu.cn/index.php?c=content&a=list&catid=101失败
[2013-12-05 09:46:53]读取网页:http://syxy.hdu.edu.cn/index.php?c=content&a=list&catid=23的信息中...
[2013-12-05 09:46:53]读取成功
[2013-12-05 09:46:53]未发现更新信息!
[2013-12-05 09:46:53]读取网页:http://syxy.hdu.edu.cn/index.php?c=content&a=list&catid=30的信息中...
[2013-12-05 09:46:54]读取成功
[2013-12-05 09:46:54]未发现更新信息!
[2013-12-05 09:46:54]数据库连接关闭
[2013-12-05 09:46:54]college = 15
[2013-12-05 09:46:54]连接数据库中...
[2013-12-05 09:46:54]数据库连接成功
[2013-12-05 09:46:54]读取学院网站信息...
[2013-12-05 09:46:54]读取学院网站信息成功
[2013-12-05 09:46:54]读取网页:http://rwxy.hdu.edu.cn/home/articlelist.php?arcid=76的信息中...
[2013-12-05 09:46:55]读取成功
[2013-12-05 09:46:55]未发现更新信息!
[2013-12-05 09:46:55]读取网页:http://rwxy.hdu.edu.cn/home/articlelist.php?arcid=80的信息中...
[2013-12-05 09:46:56]读取成功
[2013-12-05 09:46:56]正在插入学院:1015信息...
[2013-12-05 09:47:00]插入学院:1015信息成功
[2013-12-05 09:47:00]未发现更新信息!
[2013-12-05 09:47:00]读取网页:http://rwxy.hdu.edu.cn/home/articlelist.php?arcid=6的信息中...
[2013-12-05 09:47:01]读取成功
[2013-12-05 09:47:01]未发现更新信息!
[2013-12-05 09:47:01]读取网页:http://rwxy.hdu.edu.cn/home/articlelist.php?arcid=101的信息中...
[2013-12-05 09:47:01]读取成功
[2013-12-05 09:47:01]未发现更新信息!
[2013-12-05 09:47:01]数据库连接关闭
[2013-12-05 09:47:01]college = 16
[2013-12-05 09:47:01]连接数据库中...
[2013-12-05 09:47:01]数据库连接成功
[2013-12-05 09:47:01]读取学院网站信息...
[2013-12-05 09:47:01]读取学院网站信息成功
[2013-12-05 09:47:01]读取网页:http://marx.hdu.edu.cn/article_more.php?list=47的信息中...
[2013-12-05 09:47:02]读取成功
[2013-12-05 09:47:02]未发现更新信息!
[2013-12-05 09:47:02]读取网页:http://marx.hdu.edu.cn/article_more.php?list=48的信息中...
[2013-12-05 09:47:02]读取成功
[2013-12-05 09:47:02]未发现更新信息!
[2013-12-05 09:47:02]数据库连接关闭
[2013-12-05 09:47:02]college = 17
[2013-12-05 09:47:02]连接数据库中...
[2013-12-05 09:47:02]数据库连接成功
[2013-12-05 09:47:02]读取学院网站信息...
[2013-12-05 09:47:02]读取学院网站信息成功
[2013-12-05 09:47:02]读取网页:http://ped.hdu.edu.cn/default/category/index/id/53的信息中...
[2013-12-05 09:47:08]读取成功
[2013-12-05 09:47:08]正在插入学院:1017信息...
[2013-12-05 09:47:08]已插入 校第三十一届田径运动会圆满落幕
[2013-12-05 09:47:09]已插入 我校航模队在科研类全国航空航天模型锦标赛上获佳绩
[2013-12-05 09:47:10]已插入 我校田径队参加第三届浙江省大学生田径锦标赛，荣获佳绩
[2013-12-05 09:47:11]已插入 我校足球队参加浙江省大学生足球甲级联赛获亚军
[2013-12-05 09:47:12]插入学院:1017信息成功
[2013-12-05 09:47:12]未发现更新信息!
[2013-12-05 09:47:12]读取网页:http://ped.hdu.edu.cn/default/category/index/categoryid/13的信息中...
[2013-12-05 09:47:18]读取成功
[2013-12-05 09:47:18]正在插入学院:1017信息...
[2013-12-05 09:47:18]已插入 部务会6-5
[2013-12-05 09:47:19]已插入 部务会6-26
[2013-12-05 09:47:20]已插入 部务会10-23
[2013-12-05 09:47:21]已插入 11-6部务会通知
[2013-12-05 09:47:22]插入学院:1017信息成功
[2013-12-05 09:47:22]未发现更新信息!
[2013-12-05 09:47:22]读取网页:http://ped.hdu.edu.cn/default/category/index/id/54的信息中...
[2013-12-05 09:47:27]读取成功
[2013-12-05 09:47:27]正在插入学院:1017信息...
[2013-12-05 09:47:27]已插入 2013-2014-1学期阳光长跑说明
[2013-12-05 09:47:28]已插入 关于2013-2014-1学期公办本科学生体质健康测试补测的通知
[2013-12-05 09:47:29]已插入 2013年学生体质测试最后补测通知
[2013-12-05 09:47:31]插入学院:1017信息成功
[2013-12-05 09:47:31]未发现更新信息!
[2013-12-05 09:47:31]读取网页:http://ped.hdu.edu.cn/default/category/index/id/55的信息中...
[2013-12-05 09:47:35]读取成功
[2013-12-05 09:47:35]正在插入学院:1017信息...
[2013-12-05 09:47:35]已插入 第八届体育文化节羽毛球赛秩序册
[2013-12-05 09:47:36]已插入 杭州电子科技大学第三十一届田径运动会竞赛规程
[2013-12-05 09:47:37]已插入 杭州电子科技大学第31届田径运动会秩序册
[2013-12-05 09:47:38]已插入 杭州电子科技大学第31届田径运动会成绩册
[2013-12-05 09:47:39]插入学院:1017信息成功
[2013-12-05 09:47:39]未发现更新信息!
[2013-12-05 09:47:39]数据库连接关闭
[2013-12-05 09:47:39]college = 18
[2013-12-05 09:47:39]连接数据库中...
[2013-12-05 09:47:39]数据库连接成功
[2013-12-05 09:47:39]读取学院网站信息...
[2013-12-05 09:47:39]读取学院网站信息成功
[2013-12-05 09:47:39]读取网页:http://zhuoyue.hdu.edu.cn/news.aspx?channelid=210的信息中...
[2013-12-05 09:47:43]读取成功
[2013-12-05 09:47:43]正在插入学院:1018信息...
[2013-12-05 09:47:43]已插入 2013年12月CET46考试调整说明
[2013-12-05 09:47:45]已插入 本周日（12月1日）晚活动暂停通知
[2013-12-05 09:47:46]已插入 名师讲坛通知
[2013-12-05 09:47:47]插入学院:1018信息成功
[2013-12-05 09:47:47]未发现更新信息!
[2013-12-05 09:47:47]读取网页:http://zhuoyue.hdu.edu.cn/zysc.aspx?channelid=179的信息中...
[2013-12-05 09:47:52]读取成功
[2013-12-05 09:47:52]正在插入学院:1018信息...
[2013-12-05 09:47:52]已插入 卓越学院成功举办2012级学生专业宣讲会
[2013-12-05 09:47:53]已插入 “梦想&#183;改变”校第八届“新生杯”演讲比赛结果揭晓
[2013-12-05 09:47:54]已插入 我校田径队参加第三届省大学生田径锦标赛载誉而归
[2013-12-05 09:47:55]已插入 热烈祝贺卓越学院新网站开通
[2013-12-05 09:47:56]插入学院:1018信息成功
[2013-12-05 09:47:56]未发现更新信息!
[2013-12-05 09:47:56]读取网页:http://zhuoyue.hdu.edu.cn/news.aspx?channelid=203的信息中...
[2013-12-05 09:48:00]读取成功
[2013-12-05 09:48:00]正在插入学院:1018信息...
[2013-12-05 09:48:00]已插入 浙江工商大学成立创业实验班探索人才培养新模式
[2013-12-05 09:48:01]已插入 “竺可桢学院对接上海自贸区”金融论坛主题活动顺利举行
[2013-12-05 09:48:02]已插入 浙江工业大学健行学院举行十五周年院庆系列活动
[2013-12-05 09:48:03]已插入 竺可桢学院SQTP：走向博物馆的“活化石”
[2013-12-05 09:48:04]插入学院:1018信息成功
[2013-12-05 09:48:04]未发现更新信息!
[2013-12-05 09:48:04]读取网页:http://zhuoyue.hdu.edu.cn/news.aspx?channelid=204的信息中...
[2013-12-05 09:48:08]读取成功
[2013-12-05 09:48:08]正在插入学院:1018信息...
[2013-12-05 09:48:08]已插入 怀念梧桐
[2013-12-05 09:48:09]已插入 让网络空间真正清朗起来
[2013-12-05 09:48:10]已插入 “最美水手”感动浙冀
[2013-12-05 09:48:11]已插入 中国航母舰队开赴南海
[2013-12-05 09:48:12]插入学院:1018信息成功
[2013-12-05 09:48:12]未发现更新信息!
[2013-12-05 09:48:12]读取网页:http://zhuoyue.hdu.edu.cn/news.aspx?channelid=207的信息中...
[2013-12-05 09:48:16]读取成功
[2013-12-05 09:48:16]正在插入学院:1018信息...
[2013-12-05 09:48:16]已插入 法国巴黎五大代表团来校访问
[2013-12-05 09:48:17]已插入 英国东伦敦大学常务副校长一行来访
[2013-12-05 09:48:18]已插入 台湾世新大学代表团访问我校
[2013-12-05 09:48:21]插入学院:1018信息成功
[2013-12-05 09:48:21]未发现更新信息!
[2013-12-05 09:48:21]读取网页:http://zhuoyue.hdu.edu.cn/news.aspx?channelid=205的信息中...
[2013-12-05 09:48:24]读取成功
[2013-12-05 09:48:24]正在插入学院:1018信息...
[2013-12-05 09:48:24]已插入 中国南极天文中心冯珑珑研究员来校作卓越讲座
[2013-12-05 09:48:25]已插入 学院成功举办“挑战杯”创业计划竞赛专题讲座
[2013-12-05 09:48:26]已插入 浙江省经济信息中心学术委员会主任毛楚祥学术报告（卓越讲座第三十…
[2013-12-05 09:48:28]插入学院:1018信息成功
[2013-12-05 09:48:28]未发现更新信息!
[2013-12-05 09:48:28]读取网页:http://zhuoyue.hdu.edu.cn/news.aspx?channelid=206的信息中...
[2013-12-05 09:48:32]读取成功
[2013-12-05 09:48:32]正在插入学院:1018信息...
[2013-12-05 09:48:33]已插入 学院举办暑期英语口语强化训练营活动
[2013-12-05 09:48:34]已插入 卓越学院成功举办“挑战杯”创业计划竞赛专题讲座
[2013-12-05 09:48:35]已插入 卓越学院举办第二届“寻找卓越表演家” 话剧比赛
[2013-12-05 09:48:36]插入学院:1018信息成功
[2013-12-05 09:48:36]未发现更新信息!
[2013-12-05 09:48:36]数据库连接关闭
[2013-12-05 09:48:36]college = 19
[2013-12-05 09:48:36]连接数据库中...
[2013-12-05 09:48:36]数据库连接成功
[2013-12-05 09:48:36]读取学院网站信息...
[2013-12-05 09:48:36]读取学院网站信息成功
[2013-12-05 09:48:36]读取网页:http://sie.hdu.edu.cn/Col/Col66/Index.aspx的信息中...
[2013-12-05 09:48:38]读取成功
[2013-12-05 09:48:38]正在插入学院:1019信息...
[2013-12-05 09:48:38]已插入 Sign Up for the Chinese Language Classes
[2013-12-05 09:48:39]已插入 The Sixth "Chinese Bridge" Chinese Proficiency Competition for International Students in China
[2013-12-05 09:48:40]已插入 Security Reminder: Travel during the National Day holiday
[2013-12-05 09:48:41]已插入 “新生杯”系列球赛 The Freshman Cup Ball Games
[2013-12-05 09:48:42]插入学院:1019信息成功
[2013-12-05 09:48:42]未发现更新信息!
[2013-12-05 09:48:42]读取网页:http://sie.hdu.edu.cn/Col/Col67/Index.aspx的信息中...
[2013-12-05 09:48:43]读取成功
[2013-12-05 09:48:43]正在插入学院:1019信息...
[2013-12-05 09:48:43]已插入 Thousand Island Lake Visit
[2013-12-05 09:48:44]已插入 HDU Explores Indonesia Students Market
[2013-12-05 09:48:45]已插入 Study-Tour Program Co-Organized by HDU and UNB, Canada
[2013-12-05 09:48:46]已插入 Student Group from University of East London (UEL) Visited HDU
[2013-12-05 09:48:47]插入学院:1019信息成功
[2013-12-05 09:48:47]未发现更新信息!
[2013-12-05 09:48:47]读取网页:http://sie.hdu.edu.cn/Col/Col71/Index.aspx的信息中...
[2013-12-05 09:48:48]读取成功
[2013-12-05 09:48:48]正在插入学院:1019信息...
[2013-12-05 09:48:48]已插入 How to apply for the HDU card?
[2013-12-05 09:48:49]已插入 Post Office
[2013-12-05 09:48:50]已插入 Transportation
[2013-12-05 09:48:51]已插入 Accommodation
[2013-12-05 09:48:52]插入学院:1019信息成功
[2013-12-05 09:48:52]未发现更新信息!
[2013-12-05 09:48:52]读取网页:http://sie.hdu.edu.cn/Col/Col70/Index.aspx的信息中...
[2013-12-05 09:48:53]读取成功
[2013-12-05 09:48:53]正在插入学院:1019信息...
[2013-12-05 09:48:53]已插入 How to Apply the Undergraduate Programs?
[2013-12-05 09:48:54]已插入 How to Apply the Graduate Programs?
[2013-12-05 09:48:55]已插入 How Do I Know the Applicaion Result?
[2013-12-05 09:48:56]已插入 How to Apply the Scholarship?
[2013-12-05 09:48:57]插入学院:1019信息成功
[2013-12-05 09:48:57]未发现更新信息!
[2013-12-05 09:48:57]数据库连接关闭
[2013-12-05 09:48:57]college = 20
[2013-12-05 09:48:57]连接数据库中...
[2013-12-05 09:48:57]数据库连接成功
[2013-12-05 09:48:57]读取学院网站信息...
[2013-12-05 09:48:57]读取学院网站信息成功
[2013-12-05 09:48:57]读取网页:http://adultedu.hdu.edu.cn/showmore.asp?classid=7的信息中...
[2013-12-05 09:48:57]读取成功
[2013-12-05 09:48:57]正在插入学院:1020信息...
[2013-12-05 09:48:58]已插入 关于2012年中秋节、国庆节放假安排的通知
[2013-12-05 09:48:59]已插入 关于2013年部分节假日放假安排的通知 
[2013-12-05 09:49:00]已插入 关于2013学年第二学期函授、夜大开学报到工作的通知
[2013-12-05 09:49:01]已插入 关于2014届毕业生电子图像信息采集的通知
[2013-12-05 09:49:02]插入学院:1020信息成功
[2013-12-05 09:49:02]未发现更新信息!
[2013-12-05 09:49:02]读取网页:http://adultedu.hdu.edu.cn/showmore.asp?classid=95的信息中...
[2013-12-05 09:49:02]读取成功
[2013-12-05 09:49:02]正在插入学院:1020信息...
[2013-12-05 09:49:02]已插入 关于2012学年第二学期函授、夜大开学报到的通知
[2013-12-05 09:49:03]已插入 关于函授、夜大2010级会计学（专升本）等专业毕业答辩的通知
[2013-12-05 09:49:04]已插入 教务管理信息系统
[2013-12-05 09:49:05]已插入 2013夜大第二学期课表
[2013-12-05 09:49:06]插入学院:1020信息成功
[2013-12-05 09:49:06]未发现更新信息!
[2013-12-05 09:49:06]读取网页:http://adultedu.hdu.edu.cn/showmore.asp?classid=8的信息中...
[2013-12-05 09:49:06]读取成功
[2013-12-05 09:49:06]正在插入学院:1020信息...
[2013-12-05 09:49:06]已插入 你好 我是今年大专的应届毕业生 现在想考虑读贵校的夜大来专升本，本人是电子商务专业毕业。我想请问下我能报考贵校的什么专业，是不是贵校的专业都是可以填报的，还是有什么限制呢？
[2013-12-05 09:49:07]已插入 继续教育学院举行2012级新生开学典礼
[2013-12-05 09:49:08]已插入 继续教育学院举行第六期班主任培训班
[2013-12-05 09:49:09]已插入 继续教育学院举行2013级新生开学典礼
[2013-12-05 09:49:10]插入学院:1020信息成功
[2013-12-05 09:49:10]未发现更新信息!
[2013-12-05 09:49:10]数据库连接关闭
[2013-12-05 09:49:10]college = 21
[2013-12-05 09:49:10]连接数据库中...
[2013-12-05 09:49:10]数据库连接成功
[2013-12-05 09:49:10]读取学院网站信息...
[2013-12-05 09:49:10]读取学院网站信息成功
[2013-12-05 09:49:10]读取网页:http://www.hziee.edu.cn/html/news/index.html的信息中...
[2013-12-05 09:49:10]读取成功
[2013-12-05 09:49:10]正在插入学院:1021信息...
[2013-12-05 09:49:10]已插入 学院召开党委班子专题民主生活会
[2013-12-05 09:49:12]已插入 东岳校区举办“女生生殖健康和性健康教育”专题讲座
[2013-12-05 09:49:13]已插入 我院举办“全球宏观经济”专题讲座
[2013-12-05 09:49:14]已插入 我院学生在校本部新生杯篮球赛卫冕成功
[2013-12-05 09:49:15]插入学院:1021信息成功
[2013-12-05 09:49:15]未发现更新信息!
[2013-12-05 09:49:15]读取网页:http://www.hziee.edu.cn/html/notice/index.html的信息中...
[2013-12-05 09:49:15]读取成功
[2013-12-05 09:49:15]正在插入学院:1021信息...
[2013-12-05 09:49:15]已插入 第二先锋队党员发展对象入党公开面试成绩公示
[2013-12-05 09:49:16]已插入 第四先锋队党员发展对象入党公开面试成绩公示
[2013-12-05 09:49:17]已插入 信息工程学院关于开展2013-2014学年第一学期网上学评教的通知
[2013-12-05 09:49:18]已插入 信息工程学院下学期教材核对的通知
[2013-12-05 09:49:19]插入学院:1021信息成功
[2013-12-05 09:49:19]未发现更新信息!
[2013-12-05 09:49:19]数据库连接关闭
[2013-12-05 09:49:19]college = 22
[2013-12-05 09:49:19]连接数据库中...
[2013-12-05 09:49:19]数据库连接成功
[2013-12-05 09:49:19]读取学院网站信息...
[2013-12-05 09:49:19]读取学院网站信息成功
[2013-12-05 09:49:19]读取网页:http://itsoft.hdu.edu.cn/default/category/index/categoryid/82的信息中...
[2013-12-05 09:49:20]读取成功
[2013-12-05 09:49:20]未发现更新信息!
[2013-12-05 09:49:20]读取网页:http://itsoft.hdu.edu.cn/default/category/index/categoryid/42的信息中...
[2013-12-05 09:49:22]读取成功
[2013-12-05 09:49:22]正在插入学院:1008信息...
[2013-12-05 09:49:26]插入学院:1008信息成功
[2013-12-05 09:49:26]未发现更新信息!
[2013-12-05 09:49:26]读取网页:http://itsoft.hdu.edu.cn/default/category/index/categoryid/94的信息中...
[2013-12-05 09:49:28]读取成功
[2013-12-05 09:49:28]未发现更新信息!
[2013-12-05 09:49:28]读取网页:http://itsoft.hdu.edu.cn/default/category/index/categoryid/41的信息中...
[2013-12-05 09:49:30]读取成功
[2013-12-05 09:49:30]未发现更新信息!
[2013-12-05 09:49:30]读取网页:http://itsoft.hdu.edu.cn/default/category/index/categoryid/65的信息中...
[2013-12-05 09:49:32]读取成功
[2013-12-05 09:49:32]未发现更新信息!
[2013-12-05 09:49:32]数据库连接关闭
[2013-12-05 09:49:32]college = 23
[2013-12-05 09:49:32]连接数据库中...
[2013-12-05 09:49:32]数据库连接成功
[2013-12-05 09:49:32]读取学院网站信息...
[2013-12-05 09:49:32]读取学院网站信息成功
[2013-12-05 09:49:32]读取网页:http://itsoft.hdu.edu.cn/default/category/index/categoryid/82的信息中...
[2013-12-05 09:49:33]读取成功
[2013-12-05 09:49:33]未发现更新信息!
[2013-12-05 09:49:33]读取网页:http://itsoft.hdu.edu.cn/default/category/index/categoryid/42的信息中...
[2013-12-05 09:49:35]读取成功
[2013-12-05 09:49:35]正在插入学院:1008信息...
[2013-12-05 09:49:39]插入学院:1008信息成功
[2013-12-05 09:49:39]未发现更新信息!
[2013-12-05 09:49:39]读取网页:http://itsoft.hdu.edu.cn/default/category/index/categoryid/94的信息中...
[2013-12-05 09:49:40]读取成功
[2013-12-05 09:49:40]未发现更新信息!
[2013-12-05 09:49:40]读取网页:http://itsoft.hdu.edu.cn/default/category/index/categoryid/41的信息中...
[2013-12-05 09:49:41]读取成功
[2013-12-05 09:49:41]未发现更新信息!
[2013-12-05 09:49:41]读取网页:http://itsoft.hdu.edu.cn/default/category/index/categoryid/65的信息中...
[2013-12-05 09:49:43]读取成功
[2013-12-05 09:49:43]未发现更新信息!
[2013-12-05 09:49:43]数据库连接关闭
[2013-12-05 09:49:43]college = 24
[2013-12-05 09:49:43]连接数据库中...
[2013-12-05 09:49:43]数据库连接成功
[2013-12-05 09:49:43]读取学院网站信息...
[2013-12-05 09:49:43]读取学院网站信息成功
[2013-12-05 09:49:43]读取网页:http://itsoft.hdu.edu.cn/default/category/index/categoryid/82的信息中...
[2013-12-05 09:49:44]读取成功
[2013-12-05 09:49:44]未发现更新信息!
[2013-12-05 09:49:44]读取网页:http://itsoft.hdu.edu.cn/default/category/index/categoryid/42的信息中...
[2013-12-05 09:49:46]读取成功
[2013-12-05 09:49:46]正在插入学院:1008信息...
[2013-12-05 09:49:50]插入学院:1008信息成功
[2013-12-05 09:49:50]未发现更新信息!
[2013-12-05 09:49:50]读取网页:http://itsoft.hdu.edu.cn/default/category/index/categoryid/94的信息中...
[2013-12-05 09:49:51]读取成功
[2013-12-05 09:49:51]未发现更新信息!
[2013-12-05 09:49:51]读取网页:http://itsoft.hdu.edu.cn/default/category/index/categoryid/41的信息中...
[2013-12-05 09:49:53]读取成功
[2013-12-05 09:49:53]未发现更新信息!
[2013-12-05 09:49:53]读取网页:http://itsoft.hdu.edu.cn/default/category/index/categoryid/65的信息中...
[2013-12-05 09:49:54]读取成功
[2013-12-05 09:49:54]未发现更新信息!
[2013-12-05 09:49:54]数据库连接关闭
[2013-12-05 09:49:54]college = 25
[2013-12-05 09:49:54]连接数据库中...
[2013-12-05 09:49:54]数据库连接成功
[2013-12-05 09:49:54]读取学院网站信息...
[2013-12-05 09:49:54]读取学院网站信息成功
[2013-12-05 09:49:54]读取网页:http://itsoft.hdu.edu.cn/default/category/index/categoryid/82的信息中...
[2013-12-05 09:49:57]读取成功
[2013-12-05 09:49:57]未发现更新信息!
[2013-12-05 09:49:57]读取网页:http://itsoft.hdu.edu.cn/default/category/index/categoryid/42的信息中...
[2013-12-05 09:49:59]读取成功
[2013-12-05 09:49:59]正在插入学院:1008信息...
[2013-12-05 09:50:03]插入学院:1008信息成功
[2013-12-05 09:50:03]未发现更新信息!
[2013-12-05 09:50:03]读取网页:http://itsoft.hdu.edu.cn/default/category/index/categoryid/94的信息中...
[2013-12-05 09:50:04]读取成功
[2013-12-05 09:50:04]未发现更新信息!
[2013-12-05 09:50:04]读取网页:http://itsoft.hdu.edu.cn/default/category/index/categoryid/41的信息中...
[2013-12-05 09:50:06]读取成功
[2013-12-05 09:50:06]未发现更新信息!
[2013-12-05 09:50:06]读取网页:http://itsoft.hdu.edu.cn/default/category/index/categoryid/65的信息中...
[2013-12-05 09:50:07]读取成功
[2013-12-05 09:50:07]未发现更新信息!
[2013-12-05 09:50:07]数据库连接关闭
[2013-12-05 09:50:07]college = 26
[2013-12-05 09:50:07]连接数据库中...
[2013-12-05 09:50:07]数据库连接成功
[2013-12-05 09:50:07]读取学院网站信息...
[2013-12-05 09:50:07]读取学院网站信息成功
[2013-12-05 09:50:07]读取网页:http://itsoft.hdu.edu.cn/default/category/index/categoryid/82的信息中...
[2013-12-05 09:50:09]读取成功
[2013-12-05 09:50:09]未发现更新信息!
[2013-12-05 09:50:09]读取网页:http://itsoft.hdu.edu.cn/default/category/index/categoryid/42的信息中...
[2013-12-05 09:50:10]读取成功
[2013-12-05 09:50:10]正在插入学院:1008信息...
[2013-12-05 09:50:14]插入学院:1008信息成功
[2013-12-05 09:50:14]未发现更新信息!
[2013-12-05 09:50:14]读取网页:http://itsoft.hdu.edu.cn/default/category/index/categoryid/94的信息中...
[2013-12-05 09:50:15]服务已关闭.
[2013-12-05 09:50:15]读取http://itsoft.hdu.edu.cn/default/category/index/categoryid/94失败
[2013-12-05 09:58:29]主程序启动!
[2013-12-05 09:58:29]打开服务中...
[2013-12-05 09:58:29]服务已打开.
[2013-12-05 09:58:29]college = 0
[2013-12-05 09:58:29]连接数据库中...
[2013-12-05 09:58:29]数据库连接成功
[2013-12-05 09:58:29]读取学院网站信息...
[2013-12-05 09:58:29]读取学院网站信息成功
[2013-12-05 09:58:29]读取网页:http://news.hdu.edu.cn/plus/rss.php?tid=3的信息中...
[2013-12-05 09:58:29]读取成功
[2013-12-05 09:58:29]未发现更新信息!
[2013-12-05 09:58:29]读取网页:http://news.hdu.edu.cn/plus/rss.php?tid=9的信息中...
[2013-12-05 09:58:30]读取成功
[2013-12-05 09:58:30]正在插入学院:1000信息...
[2013-12-05 09:58:30]插入失败Incorrect string value: '\xA9\x96\xD2\xBB\xC8\xFD...' for column 'text' at row 338
[2013-12-05 09:58:31]插入失败Incorrect string value: '\x98\xC5\xB5\xC8\xD4\xDA...' for column 'text' at row 338
[2013-12-05 09:58:33]插入失败Incorrect string value: '\xA9\x96\xD2\xBB\xC8\xFD...' for column 'text' at row 338
[2013-12-05 09:58:34]插入学院:1000信息成功
[2013-12-05 09:58:34]未发现更新信息!
[2013-12-05 09:58:34]读取网页:http://news.hdu.edu.cn/plus/rss.php?tid=10的信息中...
[2013-12-05 09:58:35]读取成功
[2013-12-05 09:58:35]未发现更新信息!
[2013-12-05 09:58:35]读取网页:http://news.hdu.edu.cn/plus/rss.php?tid=11的信息中...
[2013-12-05 09:58:35]读取成功
[2013-12-05 09:58:35]正在插入学院:1000信息...
[2013-12-05 09:58:38]插入失败Illegal mix of collations (gbk_chinese_ci,IMPLICIT) and (gb2312_chinese_ci,COERCIBLE) for operation '='
[2013-12-05 09:58:39]插入学院:1000信息成功
[2013-12-05 09:58:39]未发现更新信息!
[2013-12-05 09:58:39]数据库连接关闭
[2013-12-05 09:58:39]college = 1
[2013-12-05 09:58:39]连接数据库中...
[2013-12-05 09:58:39]数据库连接成功
[2013-12-05 09:58:39]读取学院网站信息...
[2013-12-05 09:58:39]读取学院网站信息成功
[2013-12-05 09:58:39]读取网页:http://mechanical.hdu.edu.cn/tonggao.php的信息中...
[2013-12-05 09:58:40]读取成功
[2013-12-05 09:58:40]正在插入学院:1001信息...
[2013-12-05 09:58:41]插入失败Incorrect string value: '\xA9\x96\xD2\xBB\xC8\xFD...' for column 'text' at row 338
[2013-12-05 09:58:42]服务已关闭.
[2013-12-05 10:04:25]主程序启动!
[2013-12-05 10:04:25]打开服务中...
[2013-12-05 10:04:25]服务已打开.
[2013-12-05 10:04:25]college = 0
[2013-12-05 10:04:25]连接数据库中...
[2013-12-05 10:04:25]数据库连接成功
[2013-12-05 10:04:25]读取学院网站信息...
[2013-12-05 10:04:25]读取学院网站信息成功
[2013-12-05 10:04:25]读取网页:http://news.hdu.edu.cn/plus/rss.php?tid=3的信息中...
[2013-12-05 10:04:25]读取成功
[2013-12-05 10:04:25]正在插入学院:1000信息...
[2013-12-05 10:04:27]服务已关闭.
[2013-12-05 10:06:10]主程序启动!
[2013-12-05 10:06:10]打开服务中...
[2013-12-05 10:06:10]服务已打开.
[2013-12-05 10:06:10]college = 0
[2013-12-05 10:06:10]连接数据库中...
[2013-12-05 10:06:10]数据库连接成功
[2013-12-05 10:06:10]读取学院网站信息...
[2013-12-05 10:06:10]读取学院网站信息成功
[2013-12-05 10:06:10]读取网页:http://news.hdu.edu.cn/plus/rss.php?tid=3的信息中...
[2013-12-05 10:06:10]读取成功
[2013-12-05 10:06:10]正在插入学院:1000信息...
[2013-12-05 10:06:10]插入失败Cannot add or update a child row: a foreign key constraint fails (`hdu_ihdu/message`, CONSTRAINT `message_ibfk_2` FOREIGN KEY (`ca_id`) REFERENCES `category` (`ca_id`))
[2013-12-05 10:06:11]插入失败Cannot add or update a child row: a foreign key constraint fails (`hdu_ihdu/message`, CONSTRAINT `message_ibfk_2` FOREIGN KEY (`ca_id`) REFERENCES `category` (`ca_id`))
[2013-12-05 10:06:12]服务已关闭.
[2013-12-05 10:06:13]插入失败正在中止线程。
