[2014-03-06 17:38:31]主程序启动!
[2014-03-06 17:38:31]打开服务中...
[2014-03-06 17:38:31]服务已打开.
[2014-03-06 17:38:31]college = 0
[2014-03-06 17:38:38]插入失败Incorrect string value: '\xA9\x96\xD2\xBB\xCB\xC4...' for column 'text' at row 10
[2014-03-06 17:38:44]college = 1
[2014-03-06 17:38:46]插入失败Incorrect string value: '\xEE\x86\xC3\xF1\xEC\xCF...' for column 'text' at row 11
[2014-03-06 17:38:47]已插入 关于本周三（3月5日）下午召开群众路线总结大会的通知
[2014-03-06 17:38:48]已插入 10级机械系毕业设计系统选题通知
[2014-03-06 17:38:52]已插入  机械工程学院召开贫困生迎新沙龙
[2014-03-06 17:38:53]已插入 新学期机械工程学院召开学风建设分析会
[2014-03-06 18:12:53]主程序启动!
[2014-03-06 18:12:53]打开服务中...
[2014-03-06 18:12:53]服务已打开.
[2014-03-06 18:21:23]主程序启动!
[2014-03-06 18:21:29]打开服务中...
[2014-03-06 18:21:36]college = 0
[2014-03-06 18:21:37]服务已打开.
[2014-03-06 18:22:47]主程序启动!
[2014-03-06 18:22:47]打开服务中...
[2014-03-06 18:22:47]服务已打开.
[2014-03-06 18:22:47]college = 0
[2014-03-06 18:28:53]主程序启动!
[2014-03-06 18:28:53]打开服务中...
[2014-03-06 18:28:53]服务已打开.
[2014-03-06 18:28:53]college = 0
[2014-03-06 18:30:18]插入失败Incorrect string value: '\xA9\x96\xD2\xBB\xCB\xC4...' for column 'text' at row 10
[2014-03-06 18:39:00]主程序启动!
[2014-03-06 18:39:00]打开服务中...
[2014-03-06 18:39:00]服务已打开.
[2014-03-06 18:39:00]college = 0
[2014-03-06 19:02:32]主程序启动!
[2014-03-06 19:02:32]打开服务中...
[2014-03-06 19:02:32]服务已打开.
[2014-03-06 19:02:32]college = 0
