[2014-03-13 16:01:15]主程序启动!
[2014-03-13 16:01:15]打开服务中...
[2014-03-13 16:01:15]服务已打开.
[2014-03-13 16:01:15]college = 11
[2014-03-13 16:09:13]读取http://management.hdu.edu.cn/Col/Col15/Index.aspx失败
[2014-03-13 16:11:37]插入失败Incorrect date value: '' for column 'date' at row 1
[2014-03-13 16:11:38]插入失败Incorrect date value: '' for column 'date' at row 1
[2014-03-13 16:11:39]插入失败Incorrect date value: '' for column 'date' at row 1
[2014-03-13 16:11:40]已插入 我院聂雪林老师获评省级优秀社团指导教师
[2014-03-13 16:13:23]主程序启动!
[2014-03-13 16:13:23]打开服务中...
[2014-03-13 16:13:23]服务已打开.
[2014-03-13 16:13:23]college = 11
[2014-03-13 16:13:38]已插入 我院“品牌制胜时代的品牌营销”课程在教育部“爱课程”网站上线
[2014-03-13 16:13:39]插入失败Incorrect date value: '' for column 'date' at row 2
[2014-03-13 16:13:40]已插入 校第七届电子商务竞赛培训讲座顺利举办
[2014-03-13 16:13:41]已插入 我院聂雪林老师获评省级优秀社团指导教师
[2014-03-13 16:13:43]已插入 我院“品牌制胜时代的品牌营销”课程在教育部“爱课程”网站上线
[2014-03-13 16:13:44]插入失败Incorrect date value: '' for column 'date' at row 2
[2014-03-13 16:13:45]已插入 校第七届电子商务竞赛培训讲座顺利举办
[2014-03-13 16:13:46]已插入 我院聂雪林老师获评省级优秀社团指导教师
[2014-03-13 16:13:49]已插入 管理学院2013届毕业生毕业论文答辩工作安排
[2014-03-13 16:13:50]已插入 转发 浙江省科技厅关于组织赴意大利参加第八届国际工业创新展的通知
[2014-03-13 16:13:51]已插入 国家自然科学基金委员会管理科学部主任基金2013年第2期应急研究项目申请说明
[2014-03-13 16:13:52]已插入 2014年度国家自然科学基金委员会与法国国家科学研究中心3年期合作交流项目指南
[2014-03-13 16:13:53]已插入 转发科技处《关于组织申报杭州市2013年度社科常规性规划课题的通知》
[2014-03-13 16:13:55]服务已关闭.
[2014-03-13 16:13:56]读取http://management.hdu.edu.cn/Col/Col59/Index.aspx失败
[2014-03-13 16:15:56]主程序启动!
[2014-03-13 16:15:56]打开服务中...
[2014-03-13 16:15:56]服务已打开.
[2014-03-13 16:15:56]college = 11
[2014-03-13 16:16:11]已插入 我院“品牌制胜时代的品牌营销”课程在教育部“爱课程”网站上线
[2014-03-13 16:16:12]插入失败Incorrect date value: '' for column 'date' at row 2
[2014-03-13 16:16:13]已插入 校第七届电子商务竞赛培训讲座顺利举办
[2014-03-13 16:16:14]已插入 我院聂雪林老师获评省级优秀社团指导教师
[2014-03-13 16:16:16]已插入 我院“品牌制胜时代的品牌营销”课程在教育部“爱课程”网站上线
[2014-03-13 16:16:17]插入失败Incorrect date value: '' for column 'date' at row 2
[2014-03-13 16:18:02]主程序启动!
[2014-03-13 16:18:02]打开服务中...
[2014-03-13 16:18:02]服务已打开.
[2014-03-13 16:18:02]college = 11
[2014-03-13 16:18:17]已插入 我院“品牌制胜时代的品牌营销”课程在教育部“爱课程”网站上线
[2014-03-13 16:18:18]插入失败Incorrect date value: '' for column 'date' at row 2
[2014-03-13 16:18:19]已插入 校第七届电子商务竞赛培训讲座顺利举办
[2014-03-13 16:18:20]已插入 我院聂雪林老师获评省级优秀社团指导教师
[2014-03-13 16:18:21]已插入 我院“品牌制胜时代的品牌营销”课程在教育部“爱课程”网站上线
[2014-03-13 16:18:22]插入失败Incorrect date value: '' for column 'date' at row 2
[2014-03-13 16:18:23]已插入 校第七届电子商务竞赛培训讲座顺利举办
[2014-03-13 16:18:24]已插入 我院聂雪林老师获评省级优秀社团指导教师
[2014-03-13 16:30:22]主程序启动!
[2014-03-13 16:30:22]打开服务中...
[2014-03-13 16:30:22]服务已打开.
[2014-03-13 16:30:22]college = 11
[2014-03-13 16:34:59]读取http://management.hdu.edu.cn/Col/Col15/Index.aspx失败
[2014-03-13 16:35:08]已插入 我院“品牌制胜时代的品牌营销”课程在教育部“爱课程”网站上线
[2014-03-13 16:35:09]插入失败Incorrect date value: '' for column 'date' at row 2
[2014-03-13 16:35:10]已插入 校第七届电子商务竞赛培训讲座顺利举办
[2014-03-13 16:35:11]已插入 我院聂雪林老师获评省级优秀社团指导教师
[2014-03-13 16:41:59]读取http://management.hdu.edu.cn/Col/Col54/Index.aspx失败
[2014-03-13 16:44:11]主程序启动!
[2014-03-13 16:44:11]打开服务中...
[2014-03-13 16:44:11]服务已打开.
[2014-03-13 16:44:11]college = 11
[2014-03-13 17:36:06]主程序启动!
[2014-03-13 17:36:06]打开服务中...
[2014-03-13 17:36:06]服务已打开.
[2014-03-13 17:36:06]college = 11
