[2013-12-08 13:38:16]主程序启动!
[2013-12-08 13:38:16]打开服务中...
[2013-12-08 13:38:16]服务已打开.
[2013-12-08 13:38:16]college = 22
[2013-12-08 13:38:17]读取http://jwc.hdu.edu.cn/tzgg/ShowClass.asp?ClassID=14失败
[2013-12-08 13:38:17]college = 23
[2013-12-08 13:38:44]主程序启动!
[2013-12-08 13:38:44]打开服务中...
[2013-12-08 13:38:44]服务已打开.
[2013-12-08 13:38:44]college = 22
[2013-12-08 13:38:45]读取http://jwc.hdu.edu.cn/tzgg/ShowClass.asp?ClassID=14失败
[2013-12-08 13:38:45]college = 23
[2013-12-08 13:38:57]主程序启动!
[2013-12-08 13:38:57]打开服务中...
[2013-12-08 13:38:57]服务已打开.
[2013-12-08 13:38:57]college = 22
[2013-12-08 13:39:54]主程序启动!
[2013-12-08 13:39:54]打开服务中...
[2013-12-08 13:39:54]服务已打开.
[2013-12-08 13:39:54]college = 22
[2013-12-08 13:41:57]主程序启动!
[2013-12-08 13:41:57]打开服务中...
[2013-12-08 13:41:57]服务已打开.
[2013-12-08 13:41:57]college = 22
[2013-12-08 13:46:28]主程序启动!
[2013-12-08 13:46:28]打开服务中...
[2013-12-08 13:46:28]服务已打开.
[2013-12-08 13:46:28]college = 22
[2013-12-08 13:47:02]主程序启动!
[2013-12-08 13:47:02]打开服务中...
[2013-12-08 13:47:02]服务已打开.
[2013-12-08 13:47:02]college = 22
[2013-12-08 13:47:56]主程序启动!
[2013-12-08 13:47:56]打开服务中...
[2013-12-08 13:47:56]服务已打开.
[2013-12-08 13:47:56]college = 22
[2013-12-08 13:55:43]主程序启动!
[2013-12-08 13:55:43]打开服务中...
[2013-12-08 13:55:43]服务已打开.
[2013-12-08 13:55:43]college = 22
[2013-12-08 13:59:06]主程序启动!
[2013-12-08 13:59:06]打开服务中...
[2013-12-08 13:59:06]服务已打开.
[2013-12-08 13:59:06]college = 22
[2013-12-08 14:00:02]主程序启动!
[2013-12-08 14:00:02]打开服务中...
[2013-12-08 14:00:02]服务已打开.
[2013-12-08 14:00:02]college = 22
[2013-12-08 14:00:25]服务已关闭.
[2013-12-08 14:00:25]读取http://jwc.hdu.edu.cn/tzgg/ShowClass.asp?ClassID=14失败
[2013-12-08 14:00:29]主程序启动!
[2013-12-08 14:00:29]打开服务中...
[2013-12-08 14:00:29]服务已打开.
[2013-12-08 14:00:29]college = 22
[2013-12-08 14:00:54]主程序启动!
[2013-12-08 14:00:54]打开服务中...
[2013-12-08 14:00:54]服务已打开.
[2013-12-08 14:00:54]college = 22
[2013-12-08 14:03:00]主程序启动!
[2013-12-08 14:03:00]打开服务中...
[2013-12-08 14:03:00]服务已打开.
[2013-12-08 14:03:00]college = 22
[2013-12-08 14:05:49]主程序启动!
[2013-12-08 14:05:49]打开服务中...
[2013-12-08 14:05:49]服务已打开.
[2013-12-08 14:05:49]college = 22
[2013-12-08 14:05:50]已插入 2014年美国大学生数学建模竞赛（MCM）及交*学科建模竞赛（ICM）集训安排
[2013-12-08 14:05:51]已插入 关于召开2013年杭州电子科技大学学科竞赛研讨会的通知
[2013-12-08 14:05:52]插入失败You have an error in your SQL syntax; check the manual that corresponds to your MySQL server version for the right syntax to use near 'New Roman'; mso-hansi-font-family: 'Times New Roman'; mso-bidi-font-size: 12.0pt' at line 1
[2013-12-08 14:05:54]college = 23
[2013-12-08 14:06:38]主程序启动!
[2013-12-08 14:06:38]打开服务中...
[2013-12-08 14:06:38]服务已打开.
[2013-12-08 14:06:38]college = 22
[2013-12-08 14:06:43]college = 23
[2013-12-08 14:08:29]主程序启动!
[2013-12-08 14:08:29]打开服务中...
[2013-12-08 14:08:29]服务已打开.
[2013-12-08 14:08:29]college = 22
[2013-12-08 14:12:17]主程序启动!
[2013-12-08 14:12:17]打开服务中...
[2013-12-08 14:12:17]服务已打开.
[2013-12-08 14:12:17]college = 22
[2013-12-08 14:12:36]服务已关闭.
[2013-12-08 14:12:36]读取http://jwc.hdu.edu.cn/tzgg/ShowClass.asp?ClassID=14失败
[2013-12-08 14:12:51]主程序启动!
[2013-12-08 14:12:51]打开服务中...
[2013-12-08 14:12:51]服务已打开.
[2013-12-08 14:12:51]college = 22
[2013-12-08 14:13:23]主程序启动!
[2013-12-08 14:13:23]打开服务中...
[2013-12-08 14:13:23]服务已打开.
[2013-12-08 14:13:23]college = 22
[2013-12-08 14:15:52]主程序启动!
[2013-12-08 14:15:52]打开服务中...
[2013-12-08 14:15:52]服务已打开.
[2013-12-08 14:15:52]college = 22
[2013-12-08 14:15:53]已插入 2014年美国大学生数学建模竞赛（MCM）及交*学科建模竞赛（ICM）集训安排
[2013-12-08 14:15:54]已插入 关于召开2013年杭州电子科技大学学科竞赛研讨会的通知
[2013-12-08 14:15:57]college = 23
[2013-12-08 14:16:00]服务已关闭.
[2013-12-08 14:16:47]主程序启动!
[2013-12-08 14:16:47]打开服务中...
[2013-12-08 14:16:47]服务已打开.
[2013-12-08 14:16:47]college = 22
[2013-12-08 14:24:05]主程序启动!
[2013-12-08 14:24:05]打开服务中...
[2013-12-08 14:24:05]服务已打开.
[2013-12-08 14:24:05]college = 22
[2013-12-08 14:25:48]主程序启动!
[2013-12-08 14:25:48]打开服务中...
[2013-12-08 14:25:48]服务已打开.
[2013-12-08 14:25:48]college = 22
[2013-12-08 14:30:40]主程序启动!
[2013-12-08 14:30:40]打开服务中...
[2013-12-08 14:30:40]服务已打开.
[2013-12-08 14:30:40]college = 22
[2013-12-08 14:30:44]已插入 关于2012年度大学生创新创业训练计划项目结题验收的通知
[2013-12-08 14:30:45]college = 23
[2013-12-08 14:30:47]服务已关闭.
[2013-12-08 14:30:47]读取http://student.hdu.edu.cn/xsjy.php失败
[2013-12-08 14:35:35]主程序启动!
[2013-12-08 14:35:35]打开服务中...
[2013-12-08 14:35:35]服务已打开.
[2013-12-08 14:35:35]college = 22
[2013-12-08 14:35:36]college = 23
[2013-12-08 14:35:44]主程序启动!
[2013-12-08 14:35:44]打开服务中...
[2013-12-08 14:35:44]服务已打开.
[2013-12-08 14:35:44]college = 24
[2013-12-08 14:35:49]主程序启动!
[2013-12-08 14:35:49]打开服务中...
[2013-12-08 14:35:49]服务已打开.
[2013-12-08 14:35:49]college = 24
[2013-12-08 14:36:46]主程序启动!
[2013-12-08 14:36:46]打开服务中...
[2013-12-08 14:36:46]服务已打开.
[2013-12-08 14:36:46]college = 24
[2013-12-08 14:36:52]已插入 关于做好2013年选派校优秀中青年教师出国进修、访问的通知
[2013-12-08 14:36:53]已插入 转发《浙江省人事考试办关于做好2014年度全国专业技术人员职称外语等级统一考试报名工作》的通知
[2013-12-08 14:37:18]服务已关闭.
[2013-12-08 14:37:18]读取http://renshi.hdu.edu.cn/Col/Col26/Index.aspx失败
[2013-12-08 14:43:20]主程序启动!
[2013-12-08 14:43:20]打开服务中...
[2013-12-08 14:43:20]服务已打开.
[2013-12-08 14:43:20]college = 24
[2013-12-08 14:58:21]主程序启动!
[2013-12-08 14:58:21]打开服务中...
[2013-12-08 14:58:21]服务已打开.
[2013-12-08 14:58:21]college = 24
[2013-12-08 15:01:11]主程序启动!
[2013-12-08 15:01:11]打开服务中...
[2013-12-08 15:01:11]服务已打开.
[2013-12-08 15:01:11]college = 24
[2013-12-08 15:02:07]服务已关闭.
[2013-12-08 15:02:07]读取http://renshi.hdu.edu.cn/Col/Col26/Index.aspx失败
[2013-12-08 15:02:36]主程序启动!
[2013-12-08 15:02:36]打开服务中...
[2013-12-08 15:02:36]服务已打开.
[2013-12-08 15:02:36]college = 24
[2013-12-08 15:04:36]主程序启动!
[2013-12-08 15:04:36]打开服务中...
[2013-12-08 15:04:36]服务已打开.
[2013-12-08 15:04:36]college = 24
[2013-12-08 15:08:07]读取http://renshi.hdu.edu.cn/Col/Col25/Index.aspx失败
[2013-12-08 15:10:14]主程序启动!
[2013-12-08 15:10:14]打开服务中...
[2013-12-08 15:10:14]服务已打开.
[2013-12-08 15:10:14]college = 24
[2013-12-08 15:10:44]插入失败Illegal mix of collations (gbk_chinese_ci,IMPLICIT) and (gb2312_chinese_ci,COERCIBLE) for operation '='
[2013-12-08 15:10:53]college = 25
[2013-12-08 15:10:54]college = 26
[2013-12-08 15:11:00]服务已关闭.
[2013-12-08 15:11:00]读取http://grs.hdu.edu.cn/Col/Col3/Index.aspx失败
